2021-09-15 22:22:02.0900||INFO|OrderingAPI.Controllers.WebHookCallBackController|HomeController.Index method called!!! |url: https://localhost/api/WebHookCallBack/CreateUpdateStores|action: Post
2021-09-15 23:32:42.6529||INFO|OrderingAPI.Controllers.WebHookCallBackController|HomeController.Index method called!!! |url: https://localhost/api/WebHookCallBack/CreateUpdateStores|action: Post
2021-09-15 23:35:02.4520||INFO|OrderingAPI.Controllers.WebHookCallBackController|HomeController.Index method called!!! |url: https://localhost/api/WebHookCallBack/CreateUpdateStores|action: Post
2021-09-15 23:36:47.2856||INFO|OrderingAPI.Controllers.WebHookCallBackController|HomeController.Index method called!!! |url: https://localhost/api/WebHookCallBack/CreateUpdateStores|action: Post
2021-09-15 23:37:21.4584||INFO|OrderingAPI.Controllers.WebHookCallBackController|HomeController.Index method called!!! |url: https://localhost/api/WebHookCallBack/CreateUpdateStores|action: Post
2021-09-15 23:38:45.7014||INFO|OrderingAPI.Controllers.WebHookCallBackController|HomeController.Index method called!!! |url: https://localhost/api/WebHookCallBack/CreateUpdateStores|action: Post
2021-09-15 23:38:52.2701||INFO|OrderingAPI.Controllers.WebHookCallBackController|HomeController.Index method called!!! |url: https://localhost/api/WebHookCallBack/CreateUpdateStores|action: Post
2021-09-15 23:38:54.9722||INFO|OrderingAPI.Controllers.WebHookCallBackController|HomeController.Index method called!!! |url: https://localhost/api/WebHookCallBack/CreateUpdateStores|action: Post
2021-09-15 23:39:35.4131||INFO|OrderingAPI.Controllers.WebHookCallBackController|HomeController.Index method called!!! |url: https://localhost/api/WebHookCallBack/CreateUpdateStores|action: Post
2021-09-15 23:39:39.3217||INFO|OrderingAPI.Controllers.WebHookCallBackController|HomeController.Index method called!!! |url: https://localhost/api/WebHookCallBack/CreateUpdateStores|action: Post
2021-09-15 23:39:45.3470||INFO|OrderingAPI.Controllers.WebHookCallBackController|HomeController.Index method called!!! |url: https://localhost/api/WebHookCallBack/CreateUpdateStores|action: Post
2021-09-15 23:42:33.9627||INFO|OrderingAPI.Controllers.WebHookCallBackController|HomeController.Index method called!!! |url: https://localhost/api/WebHookCallBack/CreateUpdateStores|action: Post
2021-09-15 23:42:39.1332||INFO|OrderingAPI.Controllers.WebHookCallBackController|HomeController.Index method called!!! |url: https://localhost/api/WebHookCallBack/CreateUpdateStores|action: Post
2021-09-15 23:42:46.6774||INFO|OrderingAPI.Controllers.WebHookCallBackController|HomeController.Index method called!!! |url: https://localhost/api/WebHookCallBack/CreateUpdateStores|action: Post
2021-09-15 23:42:48.8723||INFO|OrderingAPI.Controllers.WebHookCallBackController|HomeController.Index method called!!! |url: https://localhost/api/WebHookCallBack/CreateUpdateStores|action: Post
2021-09-15 23:42:46.6774||INFO|OrderingAPI.Controllers.WebHookCallBackController|HomeController.Index method called!!! |url: https://localhost/api/WebHookCallBack/CreateUpdateStores|action: Post
2021-09-15 23:42:46.6774||INFO|OrderingAPI.Controllers.WebHookCallBackController|HomeController.Index method called!!! |url: https://localhost/api/WebHookCallBack/CreateUpdateStores|action: Post
2021-09-15 23:42:46.6774||INFO|OrderingAPI.Controllers.WebHookCallBackController|HomeController.Index method called!!! |url: https://localhost/api/WebHookCallBack/CreateUpdateStores|action: Post
2021-09-15 23:42:59.6162||INFO|OrderingAPI.Controllers.WebHookCallBackController|HomeController.Index method called!!! |url: https://localhost/api/WebHookCallBack/CreateUpdateStores|action: Post
2021-09-15 23:43:00.5799||INFO|OrderingAPI.Controllers.WebHookCallBackController|HomeController.Index method called!!! |url: https://localhost/api/WebHookCallBack/CreateUpdateStores|action: Post
2021-09-15 23:48:39.5013||INFO|OrderingAPI.Controllers.WebHookCallBackController|WebHookCallBackController.CreateUpdateStores method called!!! |url: https://localhost/api/WebHookCallBack/CreateUpdateStores|action: CreateUpdateStores
2021-09-15 23:49:05.9293||INFO|OrderingAPI.Controllers.WebHookCallBackController|CreateUpdateStores Header : {"Accept":["*/*"],"Accept-Encoding":["gzip, deflate"],"Content-Length":["1878"],"Content-Type":["application/json"],"Host":["localhost"],"User-Agent":["python-requests/2.10.0"],"X-Forwarded-For":["135.181.193.7"],"X-Forwarded-Proto":["http"],"X-Original-Host":["dde4-106-203-216-58.ngrok.io"],"X-Upr-Biz-Id":["40683216"],"X-Upr-Checksum":["7e08f53b3a196ae89dc44fb86df3868f"],"X-Upr-Event-Type":["60014"]} |url: https://localhost/api/WebHookCallBack/CreateUpdateStores|action: CreateUpdateStores
2021-09-15 23:49:06.5588||INFO|OrderingAPI.Controllers.WebHookCallBackController|WebHookCallBackController.CreateUpdateStores method called!!! |url: https://localhost/api/WebHookCallBack/CreateUpdateStores|action: CreateUpdateStores
2021-09-15 23:49:06.9526||INFO|OrderingAPI.Controllers.WebHookCallBackController|WebHookCallBackController.CreateUpdateStores method called!!! |url: https://localhost/api/WebHookCallBack/CreateUpdateStores|action: CreateUpdateStores
2021-09-15 23:49:12.5247||INFO|OrderingAPI.Controllers.WebHookCallBackController|CreateUpdateStores Responce : {"reference":"dc263b2753df4fa9acc42c7c08f7e5d7","stats":{"updated":2,"errors":0,"created":0},"stores":[{"upipr_status":{"action":"U","id":35310,"error":false,"err_msg":null}},{"upipr_status":{"action":"U","id":35282,"error":false,"err_msg":null}}]} |url: https://localhost/api/WebHookCallBack/CreateUpdateStores|action: CreateUpdateStores
2021-09-15 23:49:33.2856||INFO|OrderingAPI.Controllers.WebHookCallBackController|CreateUpdateStores Authorization :  |url: https://localhost/api/WebHookCallBack/CreateUpdateStores|action: CreateUpdateStores
2021-09-15 23:49:34.3432||INFO|OrderingAPI.Controllers.WebHookCallBackController|CreateUpdateStores Header : {"Accept":["*/*"],"Accept-Encoding":["gzip, deflate"],"Content-Length":["14"],"Content-Type":["application/json"],"Host":["localhost"],"User-Agent":["python-requests/2.10.0"],"X-Forwarded-For":["135.181.193.7"],"X-Forwarded-Proto":["http"],"X-Original-Host":["dde4-106-203-216-58.ngrok.io"],"X-Upr-Biz-Id":["40683216"],"X-Upr-Event-Type":["60014"]} |url: https://localhost/api/WebHookCallBack/CreateUpdateStores|action: CreateUpdateStores
2021-09-15 23:49:35.3494||INFO|OrderingAPI.Controllers.WebHookCallBackController|CreateUpdateStores Header : {"Accept":["*/*"],"Accept-Encoding":["gzip, deflate"],"Content-Length":["14"],"Content-Type":["application/json"],"Host":["localhost"],"User-Agent":["python-requests/2.10.0"],"X-Forwarded-For":["135.181.193.7"],"X-Forwarded-Proto":["http"],"X-Original-Host":["dde4-106-203-216-58.ngrok.io"],"X-Upr-Biz-Id":["40683216"],"X-Upr-Event-Type":["60014"]} |url: https://localhost/api/WebHookCallBack/CreateUpdateStores|action: CreateUpdateStores
2021-09-15 23:49:35.3561||INFO|OrderingAPI.Controllers.WebHookCallBackController|CreateUpdateStores Responce : {"reference":null,"stats":null,"stores":[]} |url: https://localhost/api/WebHookCallBack/CreateUpdateStores|action: CreateUpdateStores
2021-09-15 23:49:35.3561||INFO|OrderingAPI.Controllers.WebHookCallBackController|CreateUpdateStores Responce : {"reference":null,"stats":null,"stores":[]} |url: https://localhost/api/WebHookCallBack/CreateUpdateStores|action: CreateUpdateStores
2021-09-15 23:49:35.3561||INFO|OrderingAPI.Controllers.WebHookCallBackController|CreateUpdateStores Authorization :  |url: https://localhost/api/WebHookCallBack/CreateUpdateStores|action: CreateUpdateStores
2021-09-15 23:49:35.3561||INFO|OrderingAPI.Controllers.WebHookCallBackController|CreateUpdateStores Authorization :  |url: https://localhost/api/WebHookCallBack/CreateUpdateStores|action: CreateUpdateStores
2021-09-15 23:49:44.7922||INFO|OrderingAPI.Controllers.WebHookCallBackController|WebHookCallBackController.CreateUpdateStores method called!!! |url: https://localhost/api/WebHookCallBack/CreateUpdateStores|action: CreateUpdateStores
2021-09-15 23:49:44.7922||INFO|OrderingAPI.Controllers.WebHookCallBackController|CreateUpdateStores Header : {"Accept":["*/*"],"Accept-Encoding":["gzip, deflate"],"Content-Length":["1878"],"Content-Type":["application/json"],"Host":["localhost"],"User-Agent":["python-requests/2.10.0"],"X-Forwarded-For":["135.181.193.7"],"X-Forwarded-Proto":["http"],"X-Original-Host":["dde4-106-203-216-58.ngrok.io"],"X-Upr-Biz-Id":["40683216"],"X-Upr-Checksum":["7e08f53b3a196ae89dc44fb86df3868f"],"X-Upr-Event-Type":["60014"]} |url: https://localhost/api/WebHookCallBack/CreateUpdateStores|action: CreateUpdateStores
2021-09-15 23:49:44.7922||INFO|OrderingAPI.Controllers.WebHookCallBackController|CreateUpdateStores Responce : {"reference":"dc263b2753df4fa9acc42c7c08f7e5d7","stats":{"updated":2,"errors":0,"created":0},"stores":[{"upipr_status":{"action":"U","id":35310,"error":false,"err_msg":null}},{"upipr_status":{"action":"U","id":35282,"error":false,"err_msg":null}}]} |url: https://localhost/api/WebHookCallBack/CreateUpdateStores|action: CreateUpdateStores
2021-09-15 23:49:44.7922||INFO|OrderingAPI.Controllers.WebHookCallBackController|CreateUpdateStores Authorization :  |url: https://localhost/api/WebHookCallBack/CreateUpdateStores|action: CreateUpdateStores
2021-09-15 23:49:50.3641||INFO|OrderingAPI.Controllers.WebHookCallBackController|WebHookCallBackController.CreateUpdateStores method called!!! |url: https://localhost/api/WebHookCallBack/CreateUpdateStores|action: CreateUpdateStores
2021-09-15 23:49:50.3700||INFO|OrderingAPI.Controllers.WebHookCallBackController|CreateUpdateStores Header : {"Accept":["*/*"],"Accept-Encoding":["gzip, deflate"],"Content-Length":["14"],"Content-Type":["application/json"],"Host":["localhost"],"User-Agent":["python-requests/2.10.0"],"X-Forwarded-For":["135.181.193.7"],"X-Forwarded-Proto":["http"],"X-Original-Host":["dde4-106-203-216-58.ngrok.io"],"X-Upr-Biz-Id":["40683216"],"X-Upr-Event-Type":["60014"]} |url: https://localhost/api/WebHookCallBack/CreateUpdateStores|action: CreateUpdateStores
2021-09-15 23:49:50.3700||INFO|OrderingAPI.Controllers.WebHookCallBackController|CreateUpdateStores Responce : {"reference":null,"stats":null,"stores":[]} |url: https://localhost/api/WebHookCallBack/CreateUpdateStores|action: CreateUpdateStores
2021-09-15 23:49:50.3700||INFO|OrderingAPI.Controllers.WebHookCallBackController|CreateUpdateStores Authorization :  |url: https://localhost/api/WebHookCallBack/CreateUpdateStores|action: CreateUpdateStores
2021-09-15 23:49:53.5406||INFO|OrderingAPI.Controllers.WebHookCallBackController|WebHookCallBackController.CreateUpdateStores method called!!! |url: https://localhost/api/WebHookCallBack/CreateUpdateStores|action: CreateUpdateStores
2021-09-15 23:49:53.5406||INFO|OrderingAPI.Controllers.WebHookCallBackController|CreateUpdateStores Header : {"Accept":["*/*"],"Accept-Encoding":["gzip, deflate"],"Content-Length":["14"],"Content-Type":["application/json"],"Host":["localhost"],"User-Agent":["python-requests/2.10.0"],"X-Forwarded-For":["135.181.193.7"],"X-Forwarded-Proto":["http"],"X-Original-Host":["dde4-106-203-216-58.ngrok.io"],"X-Upr-Biz-Id":["40683216"],"X-Upr-Event-Type":["60014"]} |url: https://localhost/api/WebHookCallBack/CreateUpdateStores|action: CreateUpdateStores
2021-09-15 23:49:53.5406||INFO|OrderingAPI.Controllers.WebHookCallBackController|CreateUpdateStores Responce : {"reference":null,"stats":null,"stores":[]} |url: https://localhost/api/WebHookCallBack/CreateUpdateStores|action: CreateUpdateStores
2021-09-15 23:49:53.5406||INFO|OrderingAPI.Controllers.WebHookCallBackController|CreateUpdateStores Authorization :  |url: https://localhost/api/WebHookCallBack/CreateUpdateStores|action: CreateUpdateStores
