2021-09-16 18:04:47.6954||INFO|Microsoft.Hosting.Lifetime|Application started. Press Ctrl+C to shut down. 
2021-09-16 18:04:47.7737||INFO|Microsoft.Hosting.Lifetime|Hosting environment: Development 
2021-09-16 18:04:47.7870||INFO|Microsoft.Hosting.Lifetime|Content root path: C:\D Drive\Rahul\OrderingAPI\OrderingAPI\OrderingAPI 
2021-09-16 20:27:49.8028||INFO|Microsoft.Hosting.Lifetime|Application started. Press Ctrl+C to shut down. 
2021-09-16 20:27:49.8325||INFO|Microsoft.Hosting.Lifetime|Hosting environment: Development 
2021-09-16 20:27:49.8561||INFO|Microsoft.Hosting.Lifetime|Content root path: C:\D Drive\Rahul\OrderingAPI\OrderingAPI\OrderingAPI 
2021-09-16 20:40:08.6131||INFO|OrderingAPI.Controllers.WebHookCallBackController|WebHookCallBackController.CreateUpdateStores method called!!! 
2021-09-16 20:40:08.6337||INFO|OrderingAPI.Controllers.WebHookCallBackController|WebHookCallBackController.CreateUpdateStores method called!!! 
2021-09-16 20:40:08.6337||INFO|OrderingAPI.Controllers.WebHookCallBackController|WebHookCallBackController.CreateUpdateStores method called!!! 
2021-09-16 20:40:08.6337||INFO|OrderingAPI.Controllers.WebHookCallBackController|WebHookCallBackController.CreateUpdateStores method called!!! 
2021-09-16 20:40:08.6337||INFO|OrderingAPI.Controllers.WebHookCallBackController|WebHookCallBackController.CreateUpdateStores method called!!! 
2021-09-16 20:40:08.6337||INFO|OrderingAPI.Controllers.WebHookCallBackController|WebHookCallBackController.CreateUpdateStores method called!!! 
2021-09-16 20:40:08.6337||INFO|OrderingAPI.Controllers.WebHookCallBackController|WebHookCallBackController.CreateUpdateStores method called!!! 
2021-09-16 20:40:08.6341||INFO|OrderingAPI.Controllers.WebHookCallBackController|WebHookCallBackController.CreateUpdateStores method called!!! 
2021-09-16 20:40:08.9307||INFO|OrderingAPI.Controllers.WebHookCallBackController|CreateUpdateStores Header : {"Accept":["*/*"],"Accept-Encoding":["gzip, deflate"],"Content-Length":["14"],"Content-Type":["application/json"],"Host":["localhost"],"User-Agent":["python-requests/2.10.0"],"X-Forwarded-For":["135.181.193.7"],"X-Forwarded-Proto":["https"],"X-Original-Host":["2748-106-203-216-58.ngrok.io"],"X-Upr-Biz-Id":["40683216"],"X-Upr-Event-Type":["60014"]} 
2021-09-16 20:40:08.9308||INFO|OrderingAPI.Controllers.WebHookCallBackController|CreateUpdateStores Header : {"Accept":["*/*"],"Accept-Encoding":["gzip, deflate"],"Content-Length":["14"],"Content-Type":["application/json"],"Host":["localhost"],"User-Agent":["python-requests/2.10.0"],"X-Forwarded-For":["135.181.193.7"],"X-Forwarded-Proto":["https"],"X-Original-Host":["2748-106-203-216-58.ngrok.io"],"X-Upr-Biz-Id":["40683216"],"X-Upr-Event-Type":["60014"]} 
2021-09-16 20:40:08.9308||INFO|OrderingAPI.Controllers.WebHookCallBackController|CreateUpdateStores Header : {"Accept":["*/*"],"Accept-Encoding":["gzip, deflate"],"Content-Length":["14"],"Content-Type":["application/json"],"Host":["localhost"],"User-Agent":["python-requests/2.10.0"],"X-Forwarded-For":["135.181.193.7"],"X-Forwarded-Proto":["https"],"X-Original-Host":["2748-106-203-216-58.ngrok.io"],"X-Upr-Biz-Id":["40683216"],"X-Upr-Event-Type":["60014"]} 
2021-09-16 20:40:08.9308||INFO|OrderingAPI.Controllers.WebHookCallBackController|CreateUpdateStores Header : {"Accept":["*/*"],"Accept-Encoding":["gzip, deflate"],"Content-Length":["14"],"Content-Type":["application/json"],"Host":["localhost"],"User-Agent":["python-requests/2.10.0"],"X-Forwarded-For":["135.181.193.7"],"X-Forwarded-Proto":["https"],"X-Original-Host":["2748-106-203-216-58.ngrok.io"],"X-Upr-Biz-Id":["40683216"],"X-Upr-Event-Type":["60014"]} 
2021-09-16 20:40:08.9308||INFO|OrderingAPI.Controllers.WebHookCallBackController|CreateUpdateStores Header : {"Accept":["*/*"],"Accept-Encoding":["gzip, deflate"],"Content-Length":["14"],"Content-Type":["application/json"],"Host":["localhost"],"User-Agent":["python-requests/2.10.0"],"X-Forwarded-For":["135.181.193.7"],"X-Forwarded-Proto":["https"],"X-Original-Host":["2748-106-203-216-58.ngrok.io"],"X-Upr-Biz-Id":["40683216"],"X-Upr-Event-Type":["60014"]} 
2021-09-16 20:40:08.9308||INFO|OrderingAPI.Controllers.WebHookCallBackController|CreateUpdateStores Responce : {"reference":null,"stats":null,"stores":[]} 
2021-09-16 20:40:08.9308||INFO|OrderingAPI.Controllers.WebHookCallBackController|CreateUpdateStores Responce : {"reference":null,"stats":null,"stores":[]} 
2021-09-16 20:40:08.9308||INFO|OrderingAPI.Controllers.WebHookCallBackController|CreateUpdateStores Header : {"Accept":["*/*"],"Accept-Encoding":["gzip, deflate"],"Content-Length":["1878"],"Content-Type":["application/json"],"Host":["localhost"],"User-Agent":["python-requests/2.10.0"],"X-Forwarded-For":["135.181.193.7"],"X-Forwarded-Proto":["https"],"X-Original-Host":["2748-106-203-216-58.ngrok.io"],"X-Upr-Biz-Id":["40683216"],"X-Upr-Checksum":["f71134c1039372e31ad084fd36a79791"],"X-Upr-Event-Type":["60014"]} 
2021-09-16 20:40:08.9308||INFO|OrderingAPI.Controllers.WebHookCallBackController|CreateUpdateStores Header : {"Accept":["*/*"],"Accept-Encoding":["gzip, deflate"],"Content-Length":["1878"],"Content-Type":["application/json"],"Host":["localhost"],"User-Agent":["python-requests/2.10.0"],"X-Forwarded-For":["135.181.193.7"],"X-Forwarded-Proto":["https"],"X-Original-Host":["2748-106-203-216-58.ngrok.io"],"X-Upr-Biz-Id":["40683216"],"X-Upr-Checksum":["f71134c1039372e31ad084fd36a79791"],"X-Upr-Event-Type":["60014"]} 
2021-09-16 20:40:08.9308||INFO|OrderingAPI.Controllers.WebHookCallBackController|CreateUpdateStores Header : {"Accept":["*/*"],"Accept-Encoding":["gzip, deflate"],"Content-Length":["1878"],"Content-Type":["application/json"],"Host":["localhost"],"User-Agent":["python-requests/2.10.0"],"X-Forwarded-For":["135.181.193.7"],"X-Forwarded-Proto":["https"],"X-Original-Host":["2748-106-203-216-58.ngrok.io"],"X-Upr-Biz-Id":["40683216"],"X-Upr-Checksum":["f71134c1039372e31ad084fd36a79791"],"X-Upr-Event-Type":["60014"]} 
2021-09-16 20:40:08.9308||INFO|OrderingAPI.Controllers.WebHookCallBackController|CreateUpdateStores Responce : {"reference":null,"stats":null,"stores":[]} 
2021-09-16 20:40:08.9308||INFO|OrderingAPI.Controllers.WebHookCallBackController|CreateUpdateStores Responce : {"reference":"ed474c7731794c619db0cdd5774e193e","stats":{"updated":2,"errors":0,"created":0},"stores":[{"upipr_status":{"action":"U","id":35310,"error":false,"err_msg":null}},{"upipr_status":{"action":"U","id":35282,"error":false,"err_msg":null}}]} 
2021-09-16 20:40:08.9308||INFO|OrderingAPI.Controllers.WebHookCallBackController|CreateUpdateStores Responce : {"reference":null,"stats":null,"stores":[]} 
2021-09-16 20:40:08.9308||INFO|OrderingAPI.Controllers.WebHookCallBackController|CreateUpdateStores Authorization :  
2021-09-16 20:40:08.9308||INFO|OrderingAPI.Controllers.WebHookCallBackController|CreateUpdateStores Authorization :  
2021-09-16 20:40:08.9308||INFO|OrderingAPI.Controllers.WebHookCallBackController|CreateUpdateStores Responce : {"reference":null,"stats":null,"stores":[]} 
2021-09-16 20:40:08.9308||INFO|OrderingAPI.Controllers.WebHookCallBackController|CreateUpdateStores Responce : {"reference":"ed474c7731794c619db0cdd5774e193e","stats":{"updated":2,"errors":0,"created":0},"stores":[{"upipr_status":{"action":"U","id":35310,"error":false,"err_msg":null}},{"upipr_status":{"action":"U","id":35282,"error":false,"err_msg":null}}]} 
2021-09-16 20:40:08.9308||INFO|OrderingAPI.Controllers.WebHookCallBackController|CreateUpdateStores Responce : {"reference":"ed474c7731794c619db0cdd5774e193e","stats":{"updated":2,"errors":0,"created":0},"stores":[{"upipr_status":{"action":"U","id":35310,"error":false,"err_msg":null}},{"upipr_status":{"action":"U","id":35282,"error":false,"err_msg":null}}]} 
2021-09-16 20:40:08.9308||INFO|OrderingAPI.Controllers.WebHookCallBackController|CreateUpdateStores Authorization :  
2021-09-16 20:40:08.9308||INFO|OrderingAPI.Controllers.WebHookCallBackController|CreateUpdateStores Authorization :  
2021-09-16 20:40:08.9308||INFO|OrderingAPI.Controllers.WebHookCallBackController|CreateUpdateStores Authorization :  
2021-09-16 20:40:08.9488||INFO|OrderingAPI.Controllers.WebHookCallBackController|CreateUpdateStores Authorization :  
2021-09-16 20:40:08.9488||INFO|OrderingAPI.Controllers.WebHookCallBackController|CreateUpdateStores Authorization :  
2021-09-16 20:40:08.9488||INFO|OrderingAPI.Controllers.WebHookCallBackController|CreateUpdateStores Authorization :  
2021-09-16 20:40:08.9488||INFO|OrderingAPI.Controllers.WebHookCallBackController|WebHookCallBackController.CreateUpdateStores method called!!! 
2021-09-16 20:40:08.9488||INFO|OrderingAPI.Controllers.WebHookCallBackController|CreateUpdateStores Header : {"Accept":["*/*"],"Accept-Encoding":["gzip, deflate"],"Content-Length":["14"],"Content-Type":["application/json"],"Host":["localhost"],"User-Agent":["python-requests/2.10.0"],"X-Forwarded-For":["135.181.193.7"],"X-Forwarded-Proto":["https"],"X-Original-Host":["2748-106-203-216-58.ngrok.io"],"X-Upr-Biz-Id":["40683216"],"X-Upr-Event-Type":["60014"]} 
2021-09-16 20:40:08.9488||INFO|OrderingAPI.Controllers.WebHookCallBackController|CreateUpdateStores Responce : {"reference":null,"stats":null,"stores":[]} 
2021-09-16 20:40:08.9641||INFO|OrderingAPI.Controllers.WebHookCallBackController|CreateUpdateStores Authorization :  
2021-09-16 20:41:50.4266||INFO|OrderingAPI.Controllers.WebHookCallBackController|WebHookCallBackController.CreateUpdateStores method called!!! 
2021-09-16 20:41:50.4558||INFO|OrderingAPI.Controllers.WebHookCallBackController|CreateUpdateStores Header : {"Accept":["*/*"],"Accept-Encoding":["gzip, deflate"],"Content-Length":["1878"],"Content-Type":["application/json"],"Host":["localhost"],"User-Agent":["python-requests/2.10.0"],"X-Forwarded-For":["135.181.193.7"],"X-Forwarded-Proto":["https"],"X-Original-Host":["2748-106-203-216-58.ngrok.io"],"X-Upr-Biz-Id":["40683216"],"X-Upr-Checksum":["f71134c1039372e31ad084fd36a79791"],"X-Upr-Event-Type":["60014"]} 
2021-09-16 20:41:50.4558||INFO|OrderingAPI.Controllers.WebHookCallBackController|CreateUpdateStores Responce : {"reference":"ed474c7731794c619db0cdd5774e193e","stats":{"updated":2,"errors":0,"created":0},"stores":[{"upipr_status":{"action":"U","id":35310,"error":false,"err_msg":null}},{"upipr_status":{"action":"U","id":35282,"error":false,"err_msg":null}}]} 
2021-09-16 20:41:50.4558||INFO|OrderingAPI.Controllers.WebHookCallBackController|CreateUpdateStores Authorization :  
2021-09-16 20:42:00.6878||INFO|Microsoft.Hosting.Lifetime|Application started. Press Ctrl+C to shut down. 
2021-09-16 20:42:00.7482||INFO|Microsoft.Hosting.Lifetime|Hosting environment: Development 
2021-09-16 20:42:00.7880||INFO|Microsoft.Hosting.Lifetime|Content root path: C:\D Drive\Rahul\OrderingAPI\OrderingAPI\OrderingAPI 
2021-09-16 20:42:01.0105||INFO|OrderingAPI.Controllers.WebHookCallBackController|WebHookCallBackController.CreateUpdateStores method called!!! 
2021-09-16 20:42:01.2683||INFO|OrderingAPI.Controllers.WebHookCallBackController|CreateUpdateStores Header : {"Accept":["*/*"],"Accept-Encoding":["gzip, deflate"],"Content-Length":["14"],"Content-Type":["application/json"],"Host":["localhost"],"User-Agent":["python-requests/2.10.0"],"X-Forwarded-For":["135.181.193.7"],"X-Forwarded-Proto":["https"],"X-Original-Host":["2748-106-203-216-58.ngrok.io"],"X-Upr-Biz-Id":["40683216"],"X-Upr-Event-Type":["60014"]} 
2021-09-16 20:42:01.2922||INFO|OrderingAPI.Controllers.WebHookCallBackController|CreateUpdateStores Responce : {"reference":null,"stats":null,"stores":[]} 
2021-09-16 20:42:01.2922||INFO|OrderingAPI.Controllers.WebHookCallBackController|CreateUpdateStores Authorization :  
2021-09-16 20:42:01.7325||INFO|OrderingAPI.Controllers.WebHookCallBackController|WebHookCallBackController.CreateUpdateStores method called!!! 
2021-09-16 20:42:01.7325||INFO|OrderingAPI.Controllers.WebHookCallBackController|CreateUpdateStores Header : {"Accept":["*/*"],"Accept-Encoding":["gzip, deflate"],"Content-Length":["14"],"Content-Type":["application/json"],"Host":["localhost"],"User-Agent":["python-requests/2.10.0"],"X-Forwarded-For":["135.181.193.7"],"X-Forwarded-Proto":["https"],"X-Original-Host":["2748-106-203-216-58.ngrok.io"],"X-Upr-Biz-Id":["40683216"],"X-Upr-Event-Type":["60014"]} 
2021-09-16 20:42:01.7325||INFO|OrderingAPI.Controllers.WebHookCallBackController|CreateUpdateStores Responce : {"reference":null,"stats":null,"stores":[]} 
2021-09-16 20:42:01.7325||INFO|OrderingAPI.Controllers.WebHookCallBackController|CreateUpdateStores Authorization :  
2021-09-16 20:42:24.7410||INFO|OrderingAPI.Controllers.WebHookCallBackController|WebHookCallBackController.CreateUpdateStores method called!!! 
2021-09-16 20:42:24.7852||INFO|OrderingAPI.Controllers.WebHookCallBackController|CreateUpdateStores Header : {"Accept":["*/*"],"Accept-Encoding":["gzip, deflate"],"Content-Length":["1878"],"Content-Type":["application/json"],"Host":["localhost"],"User-Agent":["python-requests/2.10.0"],"X-Forwarded-For":["135.181.193.7"],"X-Forwarded-Proto":["https"],"X-Original-Host":["2748-106-203-216-58.ngrok.io"],"X-Upr-Biz-Id":["40683216"],"X-Upr-Checksum":["0cc6681f9896f1abae8ca22fa42edcd6"],"X-Upr-Event-Type":["60014"]} 
2021-09-16 20:42:24.7852||INFO|OrderingAPI.Controllers.WebHookCallBackController|CreateUpdateStores Responce : {"reference":"c4da5a34acbb4db18a174f30de3f7610","stats":{"updated":2,"errors":0,"created":0},"stores":[{"upipr_status":{"action":"U","id":35310,"error":false,"err_msg":null},"city":"Bangalore","name":"Koramanagala Rahul 123","min_pickup_time":900,"min_delivery_time":1800,"contact_phone":"9999999999","notification_phones":["+919999999999","8888888888"],"ref_id":"5916020-QETWW63330909","min_order_value":200,"hide_from_ui":false,"address":"2nd Cross 5th Main","notification_emails":["b1@mail.com","b2@mail.com"],"zip_codes":["560033","560022"],"geo_longitude":22.234324,"active":true,"geo_latitude":19.12312,"ordering_enabled":true,"translations":[{"language":"fr","name":"Koramanagala"}],"excluded_platforms":["swiggy"],"platform_data":[{"name":"zomato","url":"https://www.zomato.com/bangalore/cakes-sweets/order","platform_store_id":"535678588"}],"timings":[{"day":"monday","slots":[{"start_time":"10:00:00","end_time":"22:30:00"}]},{"day":"tuesday","slots":[{"start_time":"10:00:00","end_time":"22:30:00"}]}],"included_platforms":null},{"upipr_status":{"action":"U","id":35282,"error":false,"err_msg":null},"city":"delhi","name":"Connaught Place","min_pickup_time":900,"min_delivery_time":1800,"contact_phone":"+919999999999","notification_phones":["9999999999","+918888888888"],"ref_id":"6906-45r7-f7u3-3645","min_order_value":200,"hide_from_ui":false,"address":"Sector 21, D - block","notification_emails":["d1@mail.com","d2@mail.com"],"zip_codes":["110021","2312323"],"geo_longitude":22.234324,"active":false,"geo_latitude":19.12312,"ordering_enabled":true,"translations":[{"language":"fr","name":"Connaught Place"}],"excluded_platforms":null,"platform_data":[{"name":"swiggy","url":"https://www.swiggy.com/restaurants/cakes-sweets-connaught-place-5567","platform_store_id":"5567"}],"timings":null,"included_platforms":["swiggy"]}]} 
2021-09-16 20:42:24.7852||INFO|OrderingAPI.Controllers.WebHookCallBackController|CreateUpdateStores Authorization :  
2021-09-16 20:42:29.6823||INFO|OrderingAPI.Controllers.WebHookCallBackController|WebHookCallBackController.CreateUpdateStores method called!!! 
2021-09-16 20:42:29.6823||INFO|OrderingAPI.Controllers.WebHookCallBackController|CreateUpdateStores Header : {"Accept":["*/*"],"Accept-Encoding":["gzip, deflate"],"Content-Length":["14"],"Content-Type":["application/json"],"Host":["localhost"],"User-Agent":["python-requests/2.10.0"],"X-Forwarded-For":["135.181.193.7"],"X-Forwarded-Proto":["https"],"X-Original-Host":["2748-106-203-216-58.ngrok.io"],"X-Upr-Biz-Id":["40683216"],"X-Upr-Event-Type":["60014"]} 
2021-09-16 20:42:29.6823||INFO|OrderingAPI.Controllers.WebHookCallBackController|CreateUpdateStores Responce : {"reference":null,"stats":null,"stores":[]} 
2021-09-16 20:42:29.6823||INFO|OrderingAPI.Controllers.WebHookCallBackController|CreateUpdateStores Authorization :  
2021-09-16 20:42:30.4059||INFO|OrderingAPI.Controllers.WebHookCallBackController|WebHookCallBackController.CreateUpdateStores method called!!! 
2021-09-16 20:42:30.4059||INFO|OrderingAPI.Controllers.WebHookCallBackController|CreateUpdateStores Header : {"Accept":["*/*"],"Accept-Encoding":["gzip, deflate"],"Content-Length":["14"],"Content-Type":["application/json"],"Host":["localhost"],"User-Agent":["python-requests/2.10.0"],"X-Forwarded-For":["135.181.193.7"],"X-Forwarded-Proto":["https"],"X-Original-Host":["2748-106-203-216-58.ngrok.io"],"X-Upr-Biz-Id":["40683216"],"X-Upr-Event-Type":["60014"]} 
2021-09-16 20:42:30.4059||INFO|OrderingAPI.Controllers.WebHookCallBackController|CreateUpdateStores Responce : {"reference":null,"stats":null,"stores":[]} 
2021-09-16 20:42:30.4183||INFO|OrderingAPI.Controllers.WebHookCallBackController|CreateUpdateStores Authorization :  
2021-09-16 20:42:48.6466||INFO|OrderingAPI.Controllers.WebHookCallBackController|WebHookCallBackController.CreateUpdateStores method called!!! 
2021-09-16 20:42:48.6466||INFO|OrderingAPI.Controllers.WebHookCallBackController|CreateUpdateStores Header : {"Accept":["*/*"],"Accept-Encoding":["gzip, deflate"],"Content-Length":["1878"],"Content-Type":["application/json"],"Host":["localhost"],"User-Agent":["python-requests/2.10.0"],"X-Forwarded-For":["135.181.193.7"],"X-Forwarded-Proto":["https"],"X-Original-Host":["2748-106-203-216-58.ngrok.io"],"X-Upr-Biz-Id":["40683216"],"X-Upr-Checksum":["6ab1b144b38380ee22596c81c97f90cd"],"X-Upr-Event-Type":["60014"]} 
2021-09-16 20:42:48.6514||INFO|OrderingAPI.Controllers.WebHookCallBackController|CreateUpdateStores Responce : {"reference":"7ba25e1ae59e413e8193eb0f89641ec2","stats":{"updated":2,"errors":0,"created":0},"stores":[{"upipr_status":{"action":"U","id":35310,"error":false,"err_msg":null},"city":"Bangalore","name":"Koramanagala Rahul 123","min_pickup_time":900,"min_delivery_time":1800,"contact_phone":"9999999999","notification_phones":["+919999999999","8888888888"],"ref_id":"5916020-QETWW63330909","min_order_value":200,"hide_from_ui":false,"address":"2nd Cross 5th Main","notification_emails":["b1@mail.com","b2@mail.com"],"zip_codes":["560033","560022"],"geo_longitude":22.234324,"active":true,"geo_latitude":19.12312,"ordering_enabled":true,"translations":[{"language":"fr","name":"Koramanagala"}],"excluded_platforms":["swiggy"],"platform_data":[{"name":"zomato","url":"https://www.zomato.com/bangalore/cakes-sweets/order","platform_store_id":"535678588"}],"timings":[{"day":"monday","slots":[{"start_time":"10:00:00","end_time":"22:30:00"}]},{"day":"tuesday","slots":[{"start_time":"10:00:00","end_time":"22:30:00"}]}],"included_platforms":null},{"upipr_status":{"action":"U","id":35282,"error":false,"err_msg":null},"city":"delhi","name":"Connaught Place","min_pickup_time":900,"min_delivery_time":1800,"contact_phone":"+919999999999","notification_phones":["9999999999","+918888888888"],"ref_id":"6906-45r7-f7u3-3645","min_order_value":200,"hide_from_ui":false,"address":"Sector 21, D - block","notification_emails":["d1@mail.com","d2@mail.com"],"zip_codes":["110021","2312323"],"geo_longitude":22.234324,"active":false,"geo_latitude":19.12312,"ordering_enabled":true,"translations":[{"language":"fr","name":"Connaught Place"}],"excluded_platforms":null,"platform_data":[{"name":"swiggy","url":"https://www.swiggy.com/restaurants/cakes-sweets-connaught-place-5567","platform_store_id":"5567"}],"timings":null,"included_platforms":["swiggy"]}]} 
2021-09-16 20:42:48.6514||INFO|OrderingAPI.Controllers.WebHookCallBackController|CreateUpdateStores Authorization :  
2021-09-16 20:42:58.8359||INFO|OrderingAPI.Controllers.WebHookCallBackController|WebHookCallBackController.CreateUpdateStores method called!!! 
2021-09-16 20:42:58.8471||INFO|OrderingAPI.Controllers.WebHookCallBackController|CreateUpdateStores Header : {"Accept":["*/*"],"Accept-Encoding":["gzip, deflate"],"Content-Length":["14"],"Content-Type":["application/json"],"Host":["localhost"],"User-Agent":["python-requests/2.10.0"],"X-Forwarded-For":["135.181.193.7"],"X-Forwarded-Proto":["https"],"X-Original-Host":["2748-106-203-216-58.ngrok.io"],"X-Upr-Biz-Id":["40683216"],"X-Upr-Event-Type":["60014"]} 
2021-09-16 20:42:58.8471||INFO|OrderingAPI.Controllers.WebHookCallBackController|CreateUpdateStores Responce : {"reference":null,"stats":null,"stores":[]} 
2021-09-16 20:42:58.8471||INFO|OrderingAPI.Controllers.WebHookCallBackController|CreateUpdateStores Authorization :  
2021-09-16 20:42:59.4215||INFO|OrderingAPI.Controllers.WebHookCallBackController|WebHookCallBackController.CreateUpdateStores method called!!! 
2021-09-16 20:42:59.4215||INFO|OrderingAPI.Controllers.WebHookCallBackController|CreateUpdateStores Header : {"Accept":["*/*"],"Accept-Encoding":["gzip, deflate"],"Content-Length":["14"],"Content-Type":["application/json"],"Host":["localhost"],"User-Agent":["python-requests/2.10.0"],"X-Forwarded-For":["135.181.193.7"],"X-Forwarded-Proto":["https"],"X-Original-Host":["2748-106-203-216-58.ngrok.io"],"X-Upr-Biz-Id":["40683216"],"X-Upr-Event-Type":["60014"]} 
2021-09-16 20:42:59.4215||INFO|OrderingAPI.Controllers.WebHookCallBackController|CreateUpdateStores Responce : {"reference":null,"stats":null,"stores":[]} 
2021-09-16 20:42:59.4215||INFO|OrderingAPI.Controllers.WebHookCallBackController|CreateUpdateStores Authorization :  
2021-09-16 20:43:54.2678||INFO|OrderingAPI.Controllers.WebHookCallBackController|WebHookCallBackController.CreateUpdateStores method called!!! 
2021-09-16 20:43:54.2755||INFO|OrderingAPI.Controllers.WebHookCallBackController|CreateUpdateStores Header : {"Accept":["*/*"],"Accept-Encoding":["gzip, deflate"],"Content-Length":["1878"],"Content-Type":["application/json"],"Host":["localhost"],"User-Agent":["python-requests/2.10.0"],"X-Forwarded-For":["135.181.193.7"],"X-Forwarded-Proto":["https"],"X-Original-Host":["2748-106-203-216-58.ngrok.io"],"X-Upr-Biz-Id":["40683216"],"X-Upr-Checksum":["6ab1b144b38380ee22596c81c97f90cd"],"X-Upr-Event-Type":["60014"]} 
2021-09-16 20:43:54.2755||INFO|OrderingAPI.Controllers.WebHookCallBackController|CreateUpdateStores Responce : {"reference":"7ba25e1ae59e413e8193eb0f89641ec2","stats":{"updated":2,"errors":0,"created":0},"stores":[{"upipr_status":{"action":"U","id":35310,"error":false,"err_msg":null},"city":"Bangalore","name":"Koramanagala Rahul 123","min_pickup_time":900,"min_delivery_time":1800,"contact_phone":"9999999999","notification_phones":["+919999999999","8888888888"],"ref_id":"5916020-QETWW63330909","min_order_value":200,"hide_from_ui":false,"address":"2nd Cross 5th Main","notification_emails":["b1@mail.com","b2@mail.com"],"zip_codes":["560033","560022"],"geo_longitude":22.234324,"active":true,"geo_latitude":19.12312,"ordering_enabled":true,"translations":[{"language":"fr","name":"Koramanagala"}],"excluded_platforms":["swiggy"],"platform_data":[{"name":"zomato","url":"https://www.zomato.com/bangalore/cakes-sweets/order","platform_store_id":"535678588"}],"timings":[{"day":"monday","slots":[{"start_time":"10:00:00","end_time":"22:30:00"}]},{"day":"tuesday","slots":[{"start_time":"10:00:00","end_time":"22:30:00"}]}],"included_platforms":null},{"upipr_status":{"action":"U","id":35282,"error":false,"err_msg":null},"city":"delhi","name":"Connaught Place","min_pickup_time":900,"min_delivery_time":1800,"contact_phone":"+919999999999","notification_phones":["9999999999","+918888888888"],"ref_id":"6906-45r7-f7u3-3645","min_order_value":200,"hide_from_ui":false,"address":"Sector 21, D - block","notification_emails":["d1@mail.com","d2@mail.com"],"zip_codes":["110021","2312323"],"geo_longitude":22.234324,"active":false,"geo_latitude":19.12312,"ordering_enabled":true,"translations":[{"language":"fr","name":"Connaught Place"}],"excluded_platforms":null,"platform_data":[{"name":"swiggy","url":"https://www.swiggy.com/restaurants/cakes-sweets-connaught-place-5567","platform_store_id":"5567"}],"timings":null,"included_platforms":["swiggy"]}]} 
2021-09-16 20:43:54.2755||INFO|OrderingAPI.Controllers.WebHookCallBackController|CreateUpdateStores Authorization :  
2021-09-16 20:44:00.5036||INFO|OrderingAPI.Controllers.WebHookCallBackController|WebHookCallBackController.CreateUpdateStores method called!!! 
2021-09-16 20:44:00.5148||INFO|OrderingAPI.Controllers.WebHookCallBackController|CreateUpdateStores Header : {"Accept":["*/*"],"Accept-Encoding":["gzip, deflate"],"Content-Length":["14"],"Content-Type":["application/json"],"Host":["localhost"],"User-Agent":["python-requests/2.10.0"],"X-Forwarded-For":["135.181.193.7"],"X-Forwarded-Proto":["https"],"X-Original-Host":["2748-106-203-216-58.ngrok.io"],"X-Upr-Biz-Id":["40683216"],"X-Upr-Event-Type":["60014"]} 
2021-09-16 20:44:00.5148||INFO|OrderingAPI.Controllers.WebHookCallBackController|CreateUpdateStores Responce : {"reference":null,"stats":null,"stores":[]} 
2021-09-16 20:44:00.5148||INFO|OrderingAPI.Controllers.WebHookCallBackController|CreateUpdateStores Authorization :  
2021-09-16 21:41:37.7055||INFO|Microsoft.Hosting.Lifetime|Application started. Press Ctrl+C to shut down. 
2021-09-16 21:41:37.7460||INFO|Microsoft.Hosting.Lifetime|Hosting environment: Development 
2021-09-16 21:41:37.7630||INFO|Microsoft.Hosting.Lifetime|Content root path: C:\D Drive\Rahul\OrderingAPI\OrderingAPI\OrderingAPI 
2021-09-16 21:42:00.4731||INFO|OrderingAPI.Controllers.WebhooksController|WebhooksController.Get Method 
2021-09-16 21:42:11.6239||INFO|OrderingAPI.Controllers.WebhooksController|WebhooksController.PostApi_HttpClient method Complete 
2021-09-16 21:42:11.6239||INFO|OrderingAPI.Controllers.WebhooksController|Error:Apikey not found 
2021-09-16 21:44:02.6490||INFO|Microsoft.Hosting.Lifetime|Application started. Press Ctrl+C to shut down. 
2021-09-16 21:44:02.7102||INFO|Microsoft.Hosting.Lifetime|Hosting environment: Development 
2021-09-16 21:44:02.7724||INFO|Microsoft.Hosting.Lifetime|Content root path: C:\D Drive\Rahul\OrderingAPI\OrderingAPI\OrderingAPI 
2021-09-16 21:44:15.0310||INFO|OrderingAPI.Controllers.WebhooksController|WebhooksController.Get Method 
2021-09-16 21:44:17.4312||INFO|OrderingAPI.Controllers.WebhooksController|WebhooksController.PostApi_HttpClient method Complete 
2021-09-16 21:45:26.4968||INFO|Microsoft.Hosting.Lifetime|Application started. Press Ctrl+C to shut down. 
2021-09-16 21:45:26.5365||INFO|Microsoft.Hosting.Lifetime|Hosting environment: Development 
2021-09-16 21:45:26.5561||INFO|Microsoft.Hosting.Lifetime|Content root path: C:\D Drive\Rahul\OrderingAPI\OrderingAPI\OrderingAPI 
2021-09-16 21:45:35.8476||INFO|OrderingAPI.Controllers.WebhooksController|WebhooksController.Get Method 
2021-09-16 21:45:39.3862||INFO|OrderingAPI.Controllers.WebhooksController|WebhooksController.PostApi_HttpClient method Complete 
2021-09-16 21:45:55.6068||INFO|OrderingAPI.Controllers.WebhooksController|Success Responce-StatusCode: 200, ReasonPhrase: 'OK', Version: 1.1, Content: System.Net.Http.HttpConnectionResponseContent, Headers:
{
  Date: Thu, 16 Sep 2021 16:16:42 GMT
  Transfer-Encoding: chunked
  Connection: keep-alive
  Vary: Accept
  Vary: Cookie
  X-Frame-Options: SAMEORIGIN
  P3P: P3P: policyref="/w3c/p3p.xml", CP="CAO DSP COR CURa ADMa DEVa OUR IND PHY ONL UNI PUR FIN COM NAV INT STA LOC"
  Cache-Control: no-cache
  CF-Cache-Status: DYNAMIC
  Expect-CT: max-age=604800, report-uri="https://report-uri.cloudflare.com/cdn-cgi/beacon/expect-ct"
  Report-To: {"endpoints":[{"url":"https:\/\/a.nel.cloudflare.com\/report\/v3?s=hXO2ZtTrEkKmZK18%2FoxLmdV8OXY0S%2B4DfvkMnopwqawJjCV8ViwIydqn1ttKugC2P5hIqinARg%2FoRLTMsG%2FQzFyO4sepZMW1stfgNW0nQ%2FjxHxYXOQMEKiT7YTxKa1EvNyxLzqwvjc0%3D"}],"group":"cf-nel","max_age":604800}
  NEL: {"success_fraction":0,"report_to":"cf-nel","max_age":604800}
  Server: cloudflare
  CF-RAY: 68fb6698d9d31d39-BLR
  Content-Type: application/json
} 
2021-09-16 21:47:29.6148||INFO|OrderingAPI.Controllers.WebhooksController|WebhooksController.Get Method 
2021-09-16 21:47:35.6106||INFO|OrderingAPI.Controllers.WebhooksController|WebhooksController.PostApi_HttpClient method Complete 
2021-09-16 21:47:45.4480||INFO|OrderingAPI.Controllers.WebhooksController|Success Responce-StatusCode: 200, ReasonPhrase: 'OK', Version: 1.1, Content: System.Net.Http.HttpConnectionResponseContent, Headers:
{
  Date: Thu, 16 Sep 2021 16:18:32 GMT
  Transfer-Encoding: chunked
  Connection: keep-alive
  Vary: Accept
  Vary: Cookie
  X-Frame-Options: SAMEORIGIN
  P3P: P3P: policyref="/w3c/p3p.xml", CP="CAO DSP COR CURa ADMa DEVa OUR IND PHY ONL UNI PUR FIN COM NAV INT STA LOC"
  Cache-Control: no-cache
  CF-Cache-Status: DYNAMIC
  Expect-CT: max-age=604800, report-uri="https://report-uri.cloudflare.com/cdn-cgi/beacon/expect-ct"
  Report-To: {"endpoints":[{"url":"https:\/\/a.nel.cloudflare.com\/report\/v3?s=M7o1OUXTDx6U%2FRAVqhyYz8r6uvVeV5nVBAaZEXhgA15eyjYINqZ8QtCZZf2SksL%2Bw8OctgV3K58ADhJgZm%2FmxxHK9yWd5IpEp%2F72UpkBhqEdmXvrAVCeQoQAQOQUh0Ezye6utn1u6Ys%3D"}],"group":"cf-nel","max_age":604800}
  NEL: {"success_fraction":0,"report_to":"cf-nel","max_age":604800}
  Server: cloudflare
  CF-RAY: 68fb694868601d89-BLR
  Content-Type: application/json
} 
