2021-09-20 12:42:03.7129||INFO|Microsoft.Hosting.Lifetime|Application started. Press Ctrl+C to shut down. 
2021-09-20 12:42:03.7733||INFO|Microsoft.Hosting.Lifetime|Hosting environment: Development 
2021-09-20 12:42:03.7846||INFO|Microsoft.Hosting.Lifetime|Content root path: C:\D Drive\Rahul\OrderingAPI\OrderingAPI\OrderingAPI 
2021-09-20 12:44:23.3874||INFO|OrderingAPI.Controllers.WebHookController|WebHookController.UpdateWebHookURL method called!!! 
2021-09-20 12:44:23.4021||INFO|OrderingAPI.Controllers.WebHookController|UpdateWebHookURL event Type all Update All webhook 
2021-09-20 12:44:23.4137||INFO|OrderingAPI.Controllers.WebHookController|WebhooksController.PostApi_HttpClient method Complete 
2021-09-20 12:44:24.2424||INFO|OrderingAPI.Controllers.WebHookController|Http Responce-StatusCode: 200, ReasonPhrase: 'OK', Version: 1.1, Content: System.Net.Http.HttpConnectionResponseContent, Headers:
{
  Date: Mon, 20 Sep 2021 07:15:16 GMT
  Transfer-Encoding: chunked
  Connection: keep-alive
  Vary: Accept
  Vary: Cookie
  X-Frame-Options: SAMEORIGIN
  P3P: P3P: policyref="/w3c/p3p.xml", CP="CAO DSP COR CURa ADMa DEVa OUR IND PHY ONL UNI PUR FIN COM NAV INT STA LOC"
  Cache-Control: no-cache
  CF-Cache-Status: DYNAMIC
  Expect-CT: max-age=604800, report-uri="https://report-uri.cloudflare.com/cdn-cgi/beacon/expect-ct"
  Report-To: {"endpoints":[{"url":"https:\/\/a.nel.cloudflare.com\/report\/v3?s=tKKBBs%2BUj4bx%2F4xjZKMEnVJgZWMb%2Fbf5gL9h7mxgY3FcTMt4Lq3yO9BYhE%2FMtfXfdGA5y%2F62d9CDefa0UFIVZktN1BWHYGi29FpsKAVB9x9WMntrF1HS9pL%2BLUHLuGzNroFX57MmB7Y%3D"}],"group":"cf-nel","max_age":604800}
  NEL: {"success_fraction":0,"report_to":"cf-nel","max_age":604800}
  Server: cloudflare
  CF-RAY: 691942fb1f781d1c-BLR
  Content-Type: application/json
} 
2021-09-20 12:44:24.2424||INFO|OrderingAPI.Controllers.WebHookController|Success Responce-{"meta": {"limit": 20, "next": null, "offset": 0, "previous": null, "total_count": 18}, "webhooks": [{"active": false, "event_type": "store_creation", "headers": "{\"x_api_token\": \"4trgfdsfd243tg54342rewfcef\"}", "retrial_interval_units": "seconds", "url": "www.testur.1111.com/api/WebHookCallBack/StoresAddUpdate", "webhook_id": 5267}, {"active": false, "event_type": "store_creation", "headers": "{\"x_api_token\": \"4trgfdsfd243tg54342rewfcef\"}", "retrial_interval_units": "seconds", "url": "www.testur.1111.com/api/WebHookCallBack/StoresAddUpdate", "webhook_id": 5268}, {"active": false, "event_type": "store_creation", "headers": "{\"x_api_token\": \"4trgfdsfd243tg54342rewfcef\"}", "retrial_interval_units": "seconds", "url": "www.testur.1111.com/api/WebHookCallBack/StoresAddUpdate", "webhook_id": 5284}, {"active": false, "event_type": "store_creation", "headers": "{\"x_api_token\": \"4trgfdsfd243tg54342rewfcef\"}", "retrial_interval_units": "seconds", "url": "www.testur.1111.com/api/WebHookCallBack/StoresAddUpdate", "webhook_id": 5285}, {"active": false, "event_type": "store_creation", "headers": "{\"x_api_token\": \"4trgfdsfd243tg54342rewfcef\"}", "retrial_interval_units": "seconds", "url": "www.testur.1111.com/api/WebHookCallBack/StoresAddUpdate", "webhook_id": 5286}, {"active": false, "event_type": "store_creation", "headers": "{\"x_api_token\": \"4trgfdsfd243tg54342rewfcef\"}", "retrial_interval_units": "seconds", "url": "www.testur.1111.com/api/WebHookCallBack/StoresAddUpdate", "webhook_id": 5287}, {"active": false, "event_type": "store_creation", "headers": "{\"x_api_token\": \"4trgfdsfd243tg54342rewfcef\"}", "retrial_interval_units": "seconds", "url": "www.testur.1111.com/api/WebHookCallBack/StoresAddUpdate", "webhook_id": 5288}, {"active": false, "event_type": "store_creation", "headers": "{\"x_api_token\": \"4trgfdsfd243tg54342rewfcef\"}", "retrial_interval_units": "seconds", "url": "www.testur.1111.com/api/WebHookCallBack/StoresAddUpdate", "webhook_id": 5289}, {"active": false, "event_type": "store_creation", "headers": "{\"x_api_token\": \"4trgfdsfd243tg54342rewfcef\"}", "retrial_interval_units": "seconds", "url": "www.testur.1111.com/api/WebHookCallBack/StoresAddUpdate", "webhook_id": 5290}, {"active": false, "event_type": "store_creation", "headers": "{\"x_api_token\": \"23d091dc49d34ee3a5f3606f9c648e5d\"}", "retrial_interval_units": "seconds", "url": "https://localhost:44321/api/WebHookCallBack/CreateUpdateStores/", "webhook_id": 5291}, {"active": true, "event_type": "store_creation", "headers": "{\"Content-type\": \"application/json\"}", "retrial_interval_units": "minutes", "url": "https://2748-106-203-216-58.ngrok.io/api/WebHookCallBack/StoresAddUpdate", "webhook_id": 5312}, {"active": true, "event_type": "rider_status_update", "headers": "{\"x_api_token\": \"4trgfdsfd243tg54342rewfcef\"}", "retrial_interval_units": "seconds", "url": "http://rider.example.com/", "webhook_id": 5330}, {"active": true, "event_type": "rider_status_update", "headers": "{\"x_api_token\": \"4trgfdsfd243tg54342rewfcef\"}", "retrial_interval_units": "seconds", "url": "http://example.com/", "webhook_id": 5331}, {"active": true, "event_type": "rider_status_update", "headers": "{\"x_api_token\": \"4trgfdsfd243tg54342rewfcef\"}", "retrial_interval_units": "seconds", "url": "http://rider123.example.com/", "webhook_id": 5332}, {"active": true, "event_type": "rider_status_update", "headers": "{\"x_api_token\": \"4trgfdsfd243tg54342rewfcef22\"}", "retrial_interval_units": "seconds", "url": "http://rider123434.example.com/", "webhook_id": 5333}, {"active": true, "event_type": "rider_status_update", "headers": "{\"x_api_token\": \"4trgfdsfd243tg54342rewfcef\"}", "retrial_interval_units": "seconds", "url": "http://rrrrr.example.com/", "webhook_id": 5334}, {"active": true, "event_type": "rider_status_update", "headers": "{\"x_api_token\": \"4trgfdsfd243tg54342rewfcef\"}", "retrial_interval_units": "seconds", "url": "http://werwer.example.com/", "webhook_id": 5335}, {"active": true, "event_type": "rider_status_update", "headers": "{\"x_api_token\": \"4trgfdsfd243tg54342rewfcef22\"}", "retrial_interval_units": "seconds", "url": "http://eeeeeeee.example.com/", "webhook_id": 5336}]} 
2021-09-20 12:44:58.6302||INFO|OrderingAPI.Controllers.WebHookController|WebHookController.UpdateWebHookURL Error while reading callBackMethod name - System.ArgumentOutOfRangeException: Index was out of range. Must be non-negative and less than the size of the collection. (Parameter 'index')
   at System.Collections.Generic.List`1.get_Item(Int32 index)
   at OrderingAPI.Controllers.WebHookController.UpdateWebHookURL(WebHookEvent webHookEvent, String Url) in C:\D Drive\Rahul\OrderingAPI\OrderingAPI\OrderingAPI\Controllers\WebHookController.cs:line 87 
2021-09-20 13:01:54.6893||INFO|Microsoft.Hosting.Lifetime|Application started. Press Ctrl+C to shut down. 
2021-09-20 13:01:54.7460||INFO|Microsoft.Hosting.Lifetime|Hosting environment: Development 
2021-09-20 13:01:54.7716||INFO|Microsoft.Hosting.Lifetime|Content root path: C:\D Drive\Rahul\OrderingAPI\OrderingAPI\OrderingAPI 
2021-09-20 13:02:12.2629||INFO|OrderingAPI.Controllers.WebHookController|WebHookController.UpdateWebHookURL method called!!! 
2021-09-20 13:02:12.2681||INFO|OrderingAPI.Controllers.WebHookController|UpdateWebHookURL event Type all Update All webhook 
2021-09-20 13:02:12.2681||INFO|OrderingAPI.Controllers.WebHookController|WebhooksController.PostApi_HttpClient method Complete 
2021-09-20 13:02:13.0323||INFO|OrderingAPI.Controllers.WebHookController|Http Responce-StatusCode: 200, ReasonPhrase: 'OK', Version: 1.1, Content: System.Net.Http.HttpConnectionResponseContent, Headers:
{
  Date: Mon, 20 Sep 2021 07:33:05 GMT
  Transfer-Encoding: chunked
  Connection: keep-alive
  Vary: Accept
  Vary: Cookie
  X-Frame-Options: SAMEORIGIN
  P3P: P3P: policyref="/w3c/p3p.xml", CP="CAO DSP COR CURa ADMa DEVa OUR IND PHY ONL UNI PUR FIN COM NAV INT STA LOC"
  Cache-Control: no-cache
  CF-Cache-Status: DYNAMIC
  Expect-CT: max-age=604800, report-uri="https://report-uri.cloudflare.com/cdn-cgi/beacon/expect-ct"
  Report-To: {"endpoints":[{"url":"https:\/\/a.nel.cloudflare.com\/report\/v3?s=3IIcrAvNFzYKKh%2F4lP6lvMy%2BFFkNKNt961Q9BjlO3nIq14kOje%2B8MQYxUk1sou%2FE0bdYBH2qH3eeL5%2FQztagScJaVII7paMAkg1I8RsPzbxGjm6X6KvrThKE0iaV0ExY8Q98LeDGMD4%3D"}],"group":"cf-nel","max_age":604800}
  NEL: {"success_fraction":0,"report_to":"cf-nel","max_age":604800}
  Server: cloudflare
  CF-RAY: 69195d1318241d24-BLR
  Content-Type: application/json
} 
2021-09-20 13:02:13.0323||INFO|OrderingAPI.Controllers.WebHookController|Success Responce-{"meta": {"limit": 20, "next": null, "offset": 0, "previous": null, "total_count": 18}, "webhooks": [{"active": false, "event_type": "store_creation", "headers": "{\"x_api_token\": \"4trgfdsfd243tg54342rewfcef\"}", "retrial_interval_units": "seconds", "url": "www.testur.1111.com/api/WebHookCallBack/StoresAddUpdate", "webhook_id": 5267}, {"active": false, "event_type": "store_creation", "headers": "{\"x_api_token\": \"4trgfdsfd243tg54342rewfcef\"}", "retrial_interval_units": "seconds", "url": "www.testur.1111.com/api/WebHookCallBack/StoresAddUpdate", "webhook_id": 5268}, {"active": false, "event_type": "store_creation", "headers": "{\"x_api_token\": \"4trgfdsfd243tg54342rewfcef\"}", "retrial_interval_units": "seconds", "url": "www.testur.1111.com/api/WebHookCallBack/StoresAddUpdate", "webhook_id": 5284}, {"active": false, "event_type": "store_creation", "headers": "{\"x_api_token\": \"4trgfdsfd243tg54342rewfcef\"}", "retrial_interval_units": "seconds", "url": "www.testur.1111.com/api/WebHookCallBack/StoresAddUpdate", "webhook_id": 5285}, {"active": false, "event_type": "store_creation", "headers": "{\"x_api_token\": \"4trgfdsfd243tg54342rewfcef\"}", "retrial_interval_units": "seconds", "url": "www.testur.1111.com/api/WebHookCallBack/StoresAddUpdate", "webhook_id": 5286}, {"active": false, "event_type": "store_creation", "headers": "{\"x_api_token\": \"4trgfdsfd243tg54342rewfcef\"}", "retrial_interval_units": "seconds", "url": "www.testur.1111.com/api/WebHookCallBack/StoresAddUpdate", "webhook_id": 5287}, {"active": false, "event_type": "store_creation", "headers": "{\"x_api_token\": \"4trgfdsfd243tg54342rewfcef\"}", "retrial_interval_units": "seconds", "url": "www.testur.1111.com/api/WebHookCallBack/StoresAddUpdate", "webhook_id": 5288}, {"active": false, "event_type": "store_creation", "headers": "{\"x_api_token\": \"4trgfdsfd243tg54342rewfcef\"}", "retrial_interval_units": "seconds", "url": "www.testur.1111.com/api/WebHookCallBack/StoresAddUpdate", "webhook_id": 5289}, {"active": false, "event_type": "store_creation", "headers": "{\"x_api_token\": \"4trgfdsfd243tg54342rewfcef\"}", "retrial_interval_units": "seconds", "url": "www.testur.1111.com/api/WebHookCallBack/StoresAddUpdate", "webhook_id": 5290}, {"active": false, "event_type": "store_creation", "headers": "{\"x_api_token\": \"23d091dc49d34ee3a5f3606f9c648e5d\"}", "retrial_interval_units": "seconds", "url": "https://localhost:44321/api/WebHookCallBack/CreateUpdateStores/", "webhook_id": 5291}, {"active": true, "event_type": "store_creation", "headers": "{\"Content-type\": \"application/json\"}", "retrial_interval_units": "minutes", "url": "https://2748-106-203-216-58.ngrok.io/api/WebHookCallBack/StoresAddUpdate", "webhook_id": 5312}, {"active": true, "event_type": "rider_status_update", "headers": "{\"x_api_token\": \"4trgfdsfd243tg54342rewfcef\"}", "retrial_interval_units": "seconds", "url": "http://rider.example.com/", "webhook_id": 5330}, {"active": true, "event_type": "rider_status_update", "headers": "{\"x_api_token\": \"4trgfdsfd243tg54342rewfcef\"}", "retrial_interval_units": "seconds", "url": "http://example.com/", "webhook_id": 5331}, {"active": true, "event_type": "rider_status_update", "headers": "{\"x_api_token\": \"4trgfdsfd243tg54342rewfcef\"}", "retrial_interval_units": "seconds", "url": "http://rider123.example.com/", "webhook_id": 5332}, {"active": true, "event_type": "rider_status_update", "headers": "{\"x_api_token\": \"4trgfdsfd243tg54342rewfcef22\"}", "retrial_interval_units": "seconds", "url": "http://rider123434.example.com/", "webhook_id": 5333}, {"active": true, "event_type": "rider_status_update", "headers": "{\"x_api_token\": \"4trgfdsfd243tg54342rewfcef\"}", "retrial_interval_units": "seconds", "url": "http://rrrrr.example.com/", "webhook_id": 5334}, {"active": true, "event_type": "rider_status_update", "headers": "{\"x_api_token\": \"4trgfdsfd243tg54342rewfcef\"}", "retrial_interval_units": "seconds", "url": "http://werwer.example.com/", "webhook_id": 5335}, {"active": true, "event_type": "rider_status_update", "headers": "{\"x_api_token\": \"4trgfdsfd243tg54342rewfcef22\"}", "retrial_interval_units": "seconds", "url": "http://eeeeeeee.example.com/", "webhook_id": 5336}]} 
2021-09-20 13:03:58.3401||INFO|Microsoft.Hosting.Lifetime|Application started. Press Ctrl+C to shut down. 
2021-09-20 13:03:58.4421||INFO|Microsoft.Hosting.Lifetime|Hosting environment: Development 
2021-09-20 13:03:58.4764||INFO|Microsoft.Hosting.Lifetime|Content root path: C:\D Drive\Rahul\OrderingAPI\OrderingAPI\OrderingAPI 
2021-09-20 13:04:16.4160||INFO|OrderingAPI.Controllers.WebHookController|WebHookController.UpdateWebHookURL method called!!! 
2021-09-20 13:04:16.4288||INFO|OrderingAPI.Controllers.WebHookController|UpdateWebHookURL event Type all Update All webhook 
2021-09-20 13:04:16.4471||INFO|OrderingAPI.Controllers.WebHookController|WebhooksController.PostApi_HttpClient method Complete 
2021-09-20 13:04:17.4719||INFO|OrderingAPI.Controllers.WebHookController|Http Responce-StatusCode: 200, ReasonPhrase: 'OK', Version: 1.1, Content: System.Net.Http.HttpConnectionResponseContent, Headers:
{
  Date: Mon, 20 Sep 2021 07:35:09 GMT
  Transfer-Encoding: chunked
  Connection: keep-alive
  Vary: Accept
  Vary: Cookie
  X-Frame-Options: SAMEORIGIN
  P3P: P3P: policyref="/w3c/p3p.xml", CP="CAO DSP COR CURa ADMa DEVa OUR IND PHY ONL UNI PUR FIN COM NAV INT STA LOC"
  Cache-Control: no-cache
  CF-Cache-Status: DYNAMIC
  Expect-CT: max-age=604800, report-uri="https://report-uri.cloudflare.com/cdn-cgi/beacon/expect-ct"
  Report-To: {"endpoints":[{"url":"https:\/\/a.nel.cloudflare.com\/report\/v3?s=qVW3eWp%2Bm0D4eNgeh8KFPJOrlSMn8TcA8K732e5j07or1ahkCFsFtfIpZ89BSkAxOg3lCmw4IKwqGivOHxQkhIEInUwbeKtdCwk5A5r%2BSdmwXLgRJtxBGsNT9W7ZtrSAd0MI%2FWOt7Ys%3D"}],"group":"cf-nel","max_age":604800}
  NEL: {"success_fraction":0,"report_to":"cf-nel","max_age":604800}
  Server: cloudflare
  CF-RAY: 6919601c2b4f26b9-BLR
  Content-Type: application/json
} 
2021-09-20 13:04:17.4854||INFO|OrderingAPI.Controllers.WebHookController|Success Responce-{"meta": {"limit": 20, "next": null, "offset": 0, "previous": null, "total_count": 18}, "webhooks": [{"active": false, "event_type": "store_creation", "headers": "{\"x_api_token\": \"4trgfdsfd243tg54342rewfcef\"}", "retrial_interval_units": "seconds", "url": "www.testur.1111.com/api/WebHookCallBack/StoresAddUpdate", "webhook_id": 5267}, {"active": false, "event_type": "store_creation", "headers": "{\"x_api_token\": \"4trgfdsfd243tg54342rewfcef\"}", "retrial_interval_units": "seconds", "url": "www.testur.1111.com/api/WebHookCallBack/StoresAddUpdate", "webhook_id": 5268}, {"active": false, "event_type": "store_creation", "headers": "{\"x_api_token\": \"4trgfdsfd243tg54342rewfcef\"}", "retrial_interval_units": "seconds", "url": "www.testur.1111.com/api/WebHookCallBack/StoresAddUpdate", "webhook_id": 5284}, {"active": false, "event_type": "store_creation", "headers": "{\"x_api_token\": \"4trgfdsfd243tg54342rewfcef\"}", "retrial_interval_units": "seconds", "url": "www.testur.1111.com/api/WebHookCallBack/StoresAddUpdate", "webhook_id": 5285}, {"active": false, "event_type": "store_creation", "headers": "{\"x_api_token\": \"4trgfdsfd243tg54342rewfcef\"}", "retrial_interval_units": "seconds", "url": "www.testur.1111.com/api/WebHookCallBack/StoresAddUpdate", "webhook_id": 5286}, {"active": false, "event_type": "store_creation", "headers": "{\"x_api_token\": \"4trgfdsfd243tg54342rewfcef\"}", "retrial_interval_units": "seconds", "url": "www.testur.1111.com/api/WebHookCallBack/StoresAddUpdate", "webhook_id": 5287}, {"active": false, "event_type": "store_creation", "headers": "{\"x_api_token\": \"4trgfdsfd243tg54342rewfcef\"}", "retrial_interval_units": "seconds", "url": "www.testur.1111.com/api/WebHookCallBack/StoresAddUpdate", "webhook_id": 5288}, {"active": false, "event_type": "store_creation", "headers": "{\"x_api_token\": \"4trgfdsfd243tg54342rewfcef\"}", "retrial_interval_units": "seconds", "url": "www.testur.1111.com/api/WebHookCallBack/StoresAddUpdate", "webhook_id": 5289}, {"active": false, "event_type": "store_creation", "headers": "{\"x_api_token\": \"4trgfdsfd243tg54342rewfcef\"}", "retrial_interval_units": "seconds", "url": "www.testur.1111.com/api/WebHookCallBack/StoresAddUpdate", "webhook_id": 5290}, {"active": false, "event_type": "store_creation", "headers": "{\"x_api_token\": \"23d091dc49d34ee3a5f3606f9c648e5d\"}", "retrial_interval_units": "seconds", "url": "https://localhost:44321/api/WebHookCallBack/CreateUpdateStores/", "webhook_id": 5291}, {"active": true, "event_type": "store_creation", "headers": "{\"Content-type\": \"application/json\"}", "retrial_interval_units": "minutes", "url": "https://2748-106-203-216-58.ngrok.io/api/WebHookCallBack/StoresAddUpdate", "webhook_id": 5312}, {"active": true, "event_type": "rider_status_update", "headers": "{\"x_api_token\": \"4trgfdsfd243tg54342rewfcef\"}", "retrial_interval_units": "seconds", "url": "http://rider.example.com/", "webhook_id": 5330}, {"active": true, "event_type": "rider_status_update", "headers": "{\"x_api_token\": \"4trgfdsfd243tg54342rewfcef\"}", "retrial_interval_units": "seconds", "url": "http://example.com/", "webhook_id": 5331}, {"active": true, "event_type": "rider_status_update", "headers": "{\"x_api_token\": \"4trgfdsfd243tg54342rewfcef\"}", "retrial_interval_units": "seconds", "url": "http://rider123.example.com/", "webhook_id": 5332}, {"active": true, "event_type": "rider_status_update", "headers": "{\"x_api_token\": \"4trgfdsfd243tg54342rewfcef22\"}", "retrial_interval_units": "seconds", "url": "http://rider123434.example.com/", "webhook_id": 5333}, {"active": true, "event_type": "rider_status_update", "headers": "{\"x_api_token\": \"4trgfdsfd243tg54342rewfcef\"}", "retrial_interval_units": "seconds", "url": "http://rrrrr.example.com/", "webhook_id": 5334}, {"active": true, "event_type": "rider_status_update", "headers": "{\"x_api_token\": \"4trgfdsfd243tg54342rewfcef\"}", "retrial_interval_units": "seconds", "url": "http://werwer.example.com/", "webhook_id": 5335}, {"active": true, "event_type": "rider_status_update", "headers": "{\"x_api_token\": \"4trgfdsfd243tg54342rewfcef22\"}", "retrial_interval_units": "seconds", "url": "http://eeeeeeee.example.com/", "webhook_id": 5336}]} 
2021-09-20 13:07:06.4408||INFO|Microsoft.Hosting.Lifetime|Application started. Press Ctrl+C to shut down. 
2021-09-20 13:07:06.4832||INFO|Microsoft.Hosting.Lifetime|Hosting environment: Development 
2021-09-20 13:07:06.5087||INFO|Microsoft.Hosting.Lifetime|Content root path: C:\D Drive\Rahul\OrderingAPI\OrderingAPI\OrderingAPI 
2021-09-20 13:07:44.8847||INFO|OrderingAPI.Controllers.WebHookController|WebHookController.UpdateWebHookURL method called!!! 
2021-09-20 13:07:44.8847||INFO|OrderingAPI.Controllers.WebHookController|UpdateWebHookURL event Type all Update All webhook 
2021-09-20 13:07:44.8985||INFO|OrderingAPI.Controllers.WebHookController|WebhooksController.PostApi_HttpClient method Complete 
2021-09-20 13:07:45.5287||INFO|OrderingAPI.Controllers.WebHookController|Http Responce-StatusCode: 200, ReasonPhrase: 'OK', Version: 1.1, Content: System.Net.Http.HttpConnectionResponseContent, Headers:
{
  Date: Mon, 20 Sep 2021 07:38:38 GMT
  Transfer-Encoding: chunked
  Connection: keep-alive
  Vary: Accept
  Vary: Cookie
  X-Frame-Options: SAMEORIGIN
  P3P: P3P: policyref="/w3c/p3p.xml", CP="CAO DSP COR CURa ADMa DEVa OUR IND PHY ONL UNI PUR FIN COM NAV INT STA LOC"
  Cache-Control: no-cache
  CF-Cache-Status: DYNAMIC
  Expect-CT: max-age=604800, report-uri="https://report-uri.cloudflare.com/cdn-cgi/beacon/expect-ct"
  Report-To: {"endpoints":[{"url":"https:\/\/a.nel.cloudflare.com\/report\/v3?s=3mLXoI7rvLtqRhmZ%2F2EnQCCXNghWRgfUPG5wqWbx5rmiooulju%2B57E8RwLvELUABfS3Nx8tondAT9%2FYAMukVpXIJKKe2DWEiuCKyyVNPP%2FuA4Nuv5KkRoTqd3maPBCeYkxh5diOC7ZQ%3D"}],"group":"cf-nel","max_age":604800}
  NEL: {"success_fraction":0,"report_to":"cf-nel","max_age":604800}
  Server: cloudflare
  CF-RAY: 69196531eff426b9-BLR
  Content-Type: application/json
} 
2021-09-20 13:07:45.5311||INFO|OrderingAPI.Controllers.WebHookController|Success Responce-{"meta": {"limit": 20, "next": null, "offset": 0, "previous": null, "total_count": 18}, "webhooks": [{"active": false, "event_type": "store_creation", "headers": "{\"x_api_token\": \"4trgfdsfd243tg54342rewfcef\"}", "retrial_interval_units": "seconds", "url": "www.testur.1111.com/api/WebHookCallBack/StoresAddUpdate", "webhook_id": 5267}, {"active": false, "event_type": "store_creation", "headers": "{\"x_api_token\": \"4trgfdsfd243tg54342rewfcef\"}", "retrial_interval_units": "seconds", "url": "www.testur.1111.com/api/WebHookCallBack/StoresAddUpdate", "webhook_id": 5268}, {"active": false, "event_type": "store_creation", "headers": "{\"x_api_token\": \"4trgfdsfd243tg54342rewfcef\"}", "retrial_interval_units": "seconds", "url": "www.testur.1111.com/api/WebHookCallBack/StoresAddUpdate", "webhook_id": 5284}, {"active": false, "event_type": "store_creation", "headers": "{\"x_api_token\": \"4trgfdsfd243tg54342rewfcef\"}", "retrial_interval_units": "seconds", "url": "www.testur.1111.com/api/WebHookCallBack/StoresAddUpdate", "webhook_id": 5285}, {"active": false, "event_type": "store_creation", "headers": "{\"x_api_token\": \"4trgfdsfd243tg54342rewfcef\"}", "retrial_interval_units": "seconds", "url": "www.testur.1111.com/api/WebHookCallBack/StoresAddUpdate", "webhook_id": 5286}, {"active": false, "event_type": "store_creation", "headers": "{\"x_api_token\": \"4trgfdsfd243tg54342rewfcef\"}", "retrial_interval_units": "seconds", "url": "www.testur.1111.com/api/WebHookCallBack/StoresAddUpdate", "webhook_id": 5287}, {"active": false, "event_type": "store_creation", "headers": "{\"x_api_token\": \"4trgfdsfd243tg54342rewfcef\"}", "retrial_interval_units": "seconds", "url": "www.testur.1111.com/api/WebHookCallBack/StoresAddUpdate", "webhook_id": 5288}, {"active": false, "event_type": "store_creation", "headers": "{\"x_api_token\": \"4trgfdsfd243tg54342rewfcef\"}", "retrial_interval_units": "seconds", "url": "www.testur.1111.com/api/WebHookCallBack/StoresAddUpdate", "webhook_id": 5289}, {"active": false, "event_type": "store_creation", "headers": "{\"x_api_token\": \"4trgfdsfd243tg54342rewfcef\"}", "retrial_interval_units": "seconds", "url": "www.testur.1111.com/api/WebHookCallBack/StoresAddUpdate", "webhook_id": 5290}, {"active": false, "event_type": "store_creation", "headers": "{\"x_api_token\": \"23d091dc49d34ee3a5f3606f9c648e5d\"}", "retrial_interval_units": "seconds", "url": "https://localhost:44321/api/WebHookCallBack/CreateUpdateStores/", "webhook_id": 5291}, {"active": true, "event_type": "store_creation", "headers": "{\"Content-type\": \"application/json\"}", "retrial_interval_units": "minutes", "url": "https://2748-106-203-216-58.ngrok.io/api/WebHookCallBack/StoresAddUpdate", "webhook_id": 5312}, {"active": true, "event_type": "rider_status_update", "headers": "{\"x_api_token\": \"4trgfdsfd243tg54342rewfcef\"}", "retrial_interval_units": "seconds", "url": "http://rider.example.com/", "webhook_id": 5330}, {"active": true, "event_type": "rider_status_update", "headers": "{\"x_api_token\": \"4trgfdsfd243tg54342rewfcef\"}", "retrial_interval_units": "seconds", "url": "http://example.com/", "webhook_id": 5331}, {"active": true, "event_type": "rider_status_update", "headers": "{\"x_api_token\": \"4trgfdsfd243tg54342rewfcef\"}", "retrial_interval_units": "seconds", "url": "http://rider123.example.com/", "webhook_id": 5332}, {"active": true, "event_type": "rider_status_update", "headers": "{\"x_api_token\": \"4trgfdsfd243tg54342rewfcef22\"}", "retrial_interval_units": "seconds", "url": "http://rider123434.example.com/", "webhook_id": 5333}, {"active": true, "event_type": "rider_status_update", "headers": "{\"x_api_token\": \"4trgfdsfd243tg54342rewfcef\"}", "retrial_interval_units": "seconds", "url": "http://rrrrr.example.com/", "webhook_id": 5334}, {"active": true, "event_type": "rider_status_update", "headers": "{\"x_api_token\": \"4trgfdsfd243tg54342rewfcef\"}", "retrial_interval_units": "seconds", "url": "http://werwer.example.com/", "webhook_id": 5335}, {"active": true, "event_type": "rider_status_update", "headers": "{\"x_api_token\": \"4trgfdsfd243tg54342rewfcef22\"}", "retrial_interval_units": "seconds", "url": "http://eeeeeeee.example.com/", "webhook_id": 5336}]} 
2021-09-20 13:09:10.7540||INFO|OrderingAPI.Controllers.WebHookController|WebHookController.UpdateWebHookURL Error while reading callBackMethod name - System.NullReferenceException: Object reference not set to an instance of an object.
   at OrderingAPI.Controllers.WebHookController.UpdateWebHookURL(WebHookEvent webHookEvent, String Url) in C:\D Drive\Rahul\OrderingAPI\OrderingAPI\OrderingAPI\Controllers\WebHookController.cs:line 100 
2021-09-20 13:09:42.7290||INFO|OrderingAPI.Controllers.WebHookController|UpdateWebHookURL ID 5330 Update All webhook 
2021-09-20 13:09:42.8164||INFO|OrderingAPI.Controllers.WebHookController|WebhooksController.PostApi_HttpClient method Complete 
2021-09-20 13:09:42.8164||INFO|OrderingAPI.Controllers.WebHookController|URL:https://pos-int.urbanpiper.com/external/api/v1/webhooks/5330/, Request-{
  "active": true,
  "event_type": "rider_status_update",
  "retrial_interval_units": "seconds",
  "url": "http://www.test.com/",
  "headers": {
    "content-type": "application/json",
    "x_api_token": "4trgfdsfd243tg54342rewfcef"
  }
} 
2021-09-20 13:09:43.3794||INFO|OrderingAPI.Controllers.WebHookController|Http Responce-StatusCode: 200, ReasonPhrase: 'OK', Version: 1.1, Content: System.Net.Http.HttpConnectionResponseContent, Headers:
{
  Date: Mon, 20 Sep 2021 07:40:35 GMT
  Transfer-Encoding: chunked
  Connection: keep-alive
  Vary: Accept
  Vary: Cookie
  X-Frame-Options: SAMEORIGIN
  P3P: P3P: policyref="/w3c/p3p.xml", CP="CAO DSP COR CURa ADMa DEVa OUR IND PHY ONL UNI PUR FIN COM NAV INT STA LOC"
  CF-Cache-Status: DYNAMIC
  Expect-CT: max-age=604800, report-uri="https://report-uri.cloudflare.com/cdn-cgi/beacon/expect-ct"
  Report-To: {"endpoints":[{"url":"https:\/\/a.nel.cloudflare.com\/report\/v3?s=0eZy41IknKMCjXy%2B2IXPAHaUcaEqF0%2BwWe5LSDgsUzasR2AOp1t3FfXhlkAOu6%2B7mgtRFLdpEVwyA2br6Z6xpb%2FDleUTnaBiRu0nsofb3Ba0p%2Fwdld7tRtgOwtW3ZKDJbEciJKw8guE%3D"}],"group":"cf-nel","max_age":604800}
  NEL: {"success_fraction":0,"report_to":"cf-nel","max_age":604800}
  Server: cloudflare
  CF-RAY: 69196811aca71d99-BLR
  Content-Type: application/json
} 
2021-09-20 13:09:43.3794||INFO|OrderingAPI.Controllers.WebHookController|Success Responce-{"status": "success", "message": "Webhook has been successfully updated.", "webhook_id": 5330} 
2021-09-20 13:09:45.5223||INFO|OrderingAPI.Controllers.WebHookController|UpdateWebHookURL ID 5330 Update responce OrderingAPI.Model.Responce+HttpResponce 
2021-09-20 13:10:00.1524||INFO|OrderingAPI.Controllers.WebHookController|UpdateWebHookURL ID 5331 Update All webhook 
2021-09-20 13:10:00.1596||INFO|OrderingAPI.Controllers.WebHookController|WebhooksController.PostApi_HttpClient method Complete 
2021-09-20 13:10:00.1596||INFO|OrderingAPI.Controllers.WebHookController|URL:https://pos-int.urbanpiper.com/external/api/v1/webhooks/5331/, Request-{
  "active": true,
  "event_type": "rider_status_update",
  "retrial_interval_units": "seconds",
  "url": "http://www.test.com/",
  "headers": {
    "content-type": "application/json",
    "x_api_token": "4trgfdsfd243tg54342rewfcef"
  }
} 
2021-09-20 13:10:00.6618||INFO|OrderingAPI.Controllers.WebHookController|Http Responce-StatusCode: 200, ReasonPhrase: 'OK', Version: 1.1, Content: System.Net.Http.HttpConnectionResponseContent, Headers:
{
  Date: Mon, 20 Sep 2021 07:40:53 GMT
  Transfer-Encoding: chunked
  Connection: keep-alive
  Vary: Accept
  Vary: Cookie
  X-Frame-Options: SAMEORIGIN
  P3P: P3P: policyref="/w3c/p3p.xml", CP="CAO DSP COR CURa ADMa DEVa OUR IND PHY ONL UNI PUR FIN COM NAV INT STA LOC"
  CF-Cache-Status: DYNAMIC
  Expect-CT: max-age=604800, report-uri="https://report-uri.cloudflare.com/cdn-cgi/beacon/expect-ct"
  Report-To: {"endpoints":[{"url":"https:\/\/a.nel.cloudflare.com\/report\/v3?s=Ppkz7rwX%2FIPa7g2ePK8mMAovtPo%2BdMe81%2FMFe7U%2FmL4JznbiQRBA8R5l6mZWnl0hW6yNIfQ1P6lnXNFC9RnrMkerGwUNvbL4DzogHnujtfPIQV0Ce1Xw6r6d2v4yDKK9%2F4ZDIBv%2FZsY%3D"}],"group":"cf-nel","max_age":604800}
  NEL: {"success_fraction":0,"report_to":"cf-nel","max_age":604800}
  Server: cloudflare
  CF-RAY: 6919687e2c981d2d-BLR
  Content-Type: application/json
} 
2021-09-20 13:10:00.6618||INFO|OrderingAPI.Controllers.WebHookController|Success Responce-{"status": "success", "message": "Webhook has been successfully updated.", "webhook_id": 5331} 
2021-09-20 13:10:02.2946||INFO|OrderingAPI.Controllers.WebHookController|UpdateWebHookURL ID 5331 Update responce OrderingAPI.Model.Responce+HttpResponce 
2021-09-20 13:10:05.5920||INFO|OrderingAPI.Controllers.WebHookController|UpdateWebHookURL ID 5332 Update All webhook 
2021-09-20 13:10:05.6045||INFO|OrderingAPI.Controllers.WebHookController|WebhooksController.PostApi_HttpClient method Complete 
2021-09-20 13:10:05.6045||INFO|OrderingAPI.Controllers.WebHookController|URL:https://pos-int.urbanpiper.com/external/api/v1/webhooks/5332/, Request-{
  "active": true,
  "event_type": "rider_status_update",
  "retrial_interval_units": "seconds",
  "url": "http://www.test.com/",
  "headers": {
    "content-type": "application/json",
    "x_api_token": "4trgfdsfd243tg54342rewfcef"
  }
} 
2021-09-20 13:10:06.1111||INFO|OrderingAPI.Controllers.WebHookController|Http Responce-StatusCode: 200, ReasonPhrase: 'OK', Version: 1.1, Content: System.Net.Http.HttpConnectionResponseContent, Headers:
{
  Date: Mon, 20 Sep 2021 07:40:58 GMT
  Transfer-Encoding: chunked
  Connection: keep-alive
  Vary: Accept
  Vary: Cookie
  X-Frame-Options: SAMEORIGIN
  P3P: P3P: policyref="/w3c/p3p.xml", CP="CAO DSP COR CURa ADMa DEVa OUR IND PHY ONL UNI PUR FIN COM NAV INT STA LOC"
  CF-Cache-Status: DYNAMIC
  Expect-CT: max-age=604800, report-uri="https://report-uri.cloudflare.com/cdn-cgi/beacon/expect-ct"
  Report-To: {"endpoints":[{"url":"https:\/\/a.nel.cloudflare.com\/report\/v3?s=8%2FK7KPojl4nXA3u%2FUb0Seox8lk6BOjecDsoQ61V4bNayrsdu4KVqXHbj9xuHOEwl%2Bqq0AdZ9euDLh4gE5dFE5wgWhBKOD5sWXrg9iP1Scj9yro1xDxC8q2akeH9%2F%2FkRTYhps9lQGHWg%3D"}],"group":"cf-nel","max_age":604800}
  NEL: {"success_fraction":0,"report_to":"cf-nel","max_age":604800}
  Server: cloudflare
  CF-RAY: 691968a02fcf1d2d-BLR
  Content-Type: application/json
} 
2021-09-20 13:10:06.1111||INFO|OrderingAPI.Controllers.WebHookController|Success Responce-{"status": "success", "message": "Webhook has been successfully updated.", "webhook_id": 5332} 
2021-09-20 13:10:07.4315||INFO|OrderingAPI.Controllers.WebHookController|UpdateWebHookURL ID 5332 Update responce OrderingAPI.Model.Responce+HttpResponce 
2021-09-20 13:10:10.0120||INFO|OrderingAPI.Controllers.WebHookController|UpdateWebHookURL ID 5333 Update All webhook 
2021-09-20 13:10:10.0120||INFO|OrderingAPI.Controllers.WebHookController|WebhooksController.PostApi_HttpClient method Complete 
2021-09-20 13:10:10.0154||INFO|OrderingAPI.Controllers.WebHookController|URL:https://pos-int.urbanpiper.com/external/api/v1/webhooks/5333/, Request-{
  "active": true,
  "event_type": "rider_status_update",
  "retrial_interval_units": "seconds",
  "url": "http://www.test.com/",
  "headers": {
    "content-type": "application/json",
    "x_api_token": "4trgfdsfd243tg54342rewfcef"
  }
} 
2021-09-20 13:10:10.5141||INFO|OrderingAPI.Controllers.WebHookController|Http Responce-StatusCode: 200, ReasonPhrase: 'OK', Version: 1.1, Content: System.Net.Http.HttpConnectionResponseContent, Headers:
{
  Date: Mon, 20 Sep 2021 07:41:03 GMT
  Transfer-Encoding: chunked
  Connection: keep-alive
  Vary: Accept
  Vary: Cookie
  X-Frame-Options: SAMEORIGIN
  P3P: P3P: policyref="/w3c/p3p.xml", CP="CAO DSP COR CURa ADMa DEVa OUR IND PHY ONL UNI PUR FIN COM NAV INT STA LOC"
  CF-Cache-Status: DYNAMIC
  Expect-CT: max-age=604800, report-uri="https://report-uri.cloudflare.com/cdn-cgi/beacon/expect-ct"
  Report-To: {"endpoints":[{"url":"https:\/\/a.nel.cloudflare.com\/report\/v3?s=ZHLFr%2Fo2iQm9Y%2Bgysq06%2Fs7%2B5%2BY5R7PvhyfnoecNAb0IWe4njUXJ9w9v7WAq4sfpfGjSYMcDltKHJYK5jPATeV0pPchXgbYXowH8sKHQgIjjjn%2BFy3XPk0lT54uL3l5jBbuGPtMsrZY%3D"}],"group":"cf-nel","max_age":604800}
  NEL: {"success_fraction":0,"report_to":"cf-nel","max_age":604800}
  Server: cloudflare
  CF-RAY: 691968bbba4a1dad-BLR
  Content-Type: application/json
} 
2021-09-20 13:10:10.5153||INFO|OrderingAPI.Controllers.WebHookController|Success Responce-{"status": "success", "message": "Webhook has been successfully updated.", "webhook_id": 5333} 
2021-09-20 13:10:11.5730||INFO|OrderingAPI.Controllers.WebHookController|UpdateWebHookURL ID 5333 Update responce OrderingAPI.Model.Responce+HttpResponce 
2021-09-20 13:10:13.3225||INFO|OrderingAPI.Controllers.WebHookController|UpdateWebHookURL ID 5334 Update All webhook 
2021-09-20 13:10:13.3225||INFO|OrderingAPI.Controllers.WebHookController|WebhooksController.PostApi_HttpClient method Complete 
2021-09-20 13:10:13.3300||INFO|OrderingAPI.Controllers.WebHookController|URL:https://pos-int.urbanpiper.com/external/api/v1/webhooks/5334/, Request-{
  "active": true,
  "event_type": "rider_status_update",
  "retrial_interval_units": "seconds",
  "url": "http://www.test.com/",
  "headers": {
    "content-type": "application/json",
    "x_api_token": "4trgfdsfd243tg54342rewfcef"
  }
} 
2021-09-20 13:10:14.8149||INFO|OrderingAPI.Controllers.WebHookController|Http Responce-StatusCode: 200, ReasonPhrase: 'OK', Version: 1.1, Content: System.Net.Http.HttpConnectionResponseContent, Headers:
{
  Date: Mon, 20 Sep 2021 07:41:07 GMT
  Transfer-Encoding: chunked
  Connection: keep-alive
  Vary: Accept
  Vary: Cookie
  X-Frame-Options: SAMEORIGIN
  P3P: P3P: policyref="/w3c/p3p.xml", CP="CAO DSP COR CURa ADMa DEVa OUR IND PHY ONL UNI PUR FIN COM NAV INT STA LOC"
  CF-Cache-Status: DYNAMIC
  Expect-CT: max-age=604800, report-uri="https://report-uri.cloudflare.com/cdn-cgi/beacon/expect-ct"
  Report-To: {"endpoints":[{"url":"https:\/\/a.nel.cloudflare.com\/report\/v3?s=7moAYdPa2c%2BqqSSPtC7ljjZM2WB24AFFbQJGDBXP9x8L3x77cEqKj3z4Rq29ty%2B%2BxSoFTtjsCsrmdRfOLeGcch7aggTJmpbluvkEjNe%2BbIvzgHZrL343fhaJVLf2js8%2Bia8elGwIUV4%3D"}],"group":"cf-nel","max_age":604800}
  NEL: {"success_fraction":0,"report_to":"cf-nel","max_age":604800}
  Server: cloudflare
  CF-RAY: 691968d6a8c01d91-BLR
  Content-Type: application/json
} 
2021-09-20 13:10:14.8149||INFO|OrderingAPI.Controllers.WebHookController|Success Responce-{"status": "success", "message": "Webhook has been successfully updated.", "webhook_id": 5334} 
2021-09-20 13:10:16.4043||INFO|OrderingAPI.Controllers.WebHookController|UpdateWebHookURL ID 5334 Update responce OrderingAPI.Model.Responce+HttpResponce 
2021-09-20 13:10:23.3561||INFO|OrderingAPI.Controllers.WebHookController|UpdateWebHookURL ID 5335 Update All webhook 
2021-09-20 13:10:23.3636||INFO|OrderingAPI.Controllers.WebHookController|WebhooksController.PostApi_HttpClient method Complete 
2021-09-20 13:10:23.3636||INFO|OrderingAPI.Controllers.WebHookController|URL:https://pos-int.urbanpiper.com/external/api/v1/webhooks/5335/, Request-{
  "active": true,
  "event_type": "rider_status_update",
  "retrial_interval_units": "seconds",
  "url": "http://www.test.com/",
  "headers": {
    "content-type": "application/json",
    "x_api_token": "4trgfdsfd243tg54342rewfcef"
  }
} 
2021-09-20 13:10:25.2679||INFO|OrderingAPI.Controllers.WebHookController|Http Responce-StatusCode: 200, ReasonPhrase: 'OK', Version: 1.1, Content: System.Net.Http.HttpConnectionResponseContent, Headers:
{
  Date: Mon, 20 Sep 2021 07:41:17 GMT
  Transfer-Encoding: chunked
  Connection: keep-alive
  Vary: Accept
  Vary: Cookie
  X-Frame-Options: SAMEORIGIN
  P3P: P3P: policyref="/w3c/p3p.xml", CP="CAO DSP COR CURa ADMa DEVa OUR IND PHY ONL UNI PUR FIN COM NAV INT STA LOC"
  CF-Cache-Status: DYNAMIC
  Expect-CT: max-age=604800, report-uri="https://report-uri.cloudflare.com/cdn-cgi/beacon/expect-ct"
  Report-To: {"endpoints":[{"url":"https:\/\/a.nel.cloudflare.com\/report\/v3?s=hC4MJa4A3K5biUUBOHLmhlK51eMlPyk4qGiUGHW3ljIvf7%2Bekk1LF91LfxmKCD1NKlK99cz1zXZPV7%2BBnLseUwuU6sEk7s0YhhWW79%2BqXolqdG43xtFrdH10wQOYaoaKB9LWvTnqoZY%3D"}],"group":"cf-nel","max_age":604800}
  NEL: {"success_fraction":0,"report_to":"cf-nel","max_age":604800}
  Server: cloudflare
  CF-RAY: 69196918095b1d8d-BLR
  Content-Type: application/json
} 
2021-09-20 13:10:25.2679||INFO|OrderingAPI.Controllers.WebHookController|Success Responce-{"status": "success", "message": "Webhook has been successfully updated.", "webhook_id": 5335} 
2021-09-20 13:10:26.9308||INFO|OrderingAPI.Controllers.WebHookController|UpdateWebHookURL ID 5335 Update responce OrderingAPI.Model.Responce+HttpResponce 
2021-09-20 13:10:26.9308||INFO|OrderingAPI.Controllers.WebHookController|UpdateWebHookURL ID 5336 Update All webhook 
2021-09-20 13:10:26.9308||INFO|OrderingAPI.Controllers.WebHookController|WebhooksController.PostApi_HttpClient method Complete 
2021-09-20 13:10:26.9410||INFO|OrderingAPI.Controllers.WebHookController|URL:https://pos-int.urbanpiper.com/external/api/v1/webhooks/5336/, Request-{
  "active": true,
  "event_type": "rider_status_update",
  "retrial_interval_units": "seconds",
  "url": "http://www.test.com/",
  "headers": {
    "content-type": "application/json",
    "x_api_token": "4trgfdsfd243tg54342rewfcef"
  }
} 
2021-09-20 13:10:27.5284||INFO|OrderingAPI.Controllers.WebHookController|Http Responce-StatusCode: 200, ReasonPhrase: 'OK', Version: 1.1, Content: System.Net.Http.HttpConnectionResponseContent, Headers:
{
  Date: Mon, 20 Sep 2021 07:41:20 GMT
  Transfer-Encoding: chunked
  Connection: keep-alive
  Vary: Accept
  Vary: Cookie
  X-Frame-Options: SAMEORIGIN
  P3P: P3P: policyref="/w3c/p3p.xml", CP="CAO DSP COR CURa ADMa DEVa OUR IND PHY ONL UNI PUR FIN COM NAV INT STA LOC"
  CF-Cache-Status: DYNAMIC
  Expect-CT: max-age=604800, report-uri="https://report-uri.cloudflare.com/cdn-cgi/beacon/expect-ct"
  Report-To: {"endpoints":[{"url":"https:\/\/a.nel.cloudflare.com\/report\/v3?s=icnwFuAoF32t0LUWlP%2F7UQKQUfIDyUCcFkqWGmQp1qXBPVfz9FEWTtZCHKy52iM9IAVRNA1HH%2BgD0VLovfeAv6VL7ejouYRMF%2FQ%2B0ou7YZyZiS9bi6l1qg83qIkk0Os3V0bXC9nnrzE%3D"}],"group":"cf-nel","max_age":604800}
  NEL: {"success_fraction":0,"report_to":"cf-nel","max_age":604800}
  Server: cloudflare
  CF-RAY: 69196925694032bb-BLR
  Content-Type: application/json
} 
2021-09-20 13:10:27.5284||INFO|OrderingAPI.Controllers.WebHookController|Success Responce-{"status": "success", "message": "Webhook has been successfully updated.", "webhook_id": 5336} 
2021-09-20 13:10:28.7133||INFO|OrderingAPI.Controllers.WebHookController|UpdateWebHookURL ID 5336 Update responce OrderingAPI.Model.Responce+HttpResponce 
2021-09-20 13:10:28.7133||INFO|OrderingAPI.Controllers.WebHookController|WebhooksController.Post Method 
2021-09-20 13:10:28.7133||INFO|OrderingAPI.Controllers.WebHookController|WebhooksController.PostApi_HttpClient method Complete 
2021-09-20 13:10:29.2428||INFO|OrderingAPI.Controllers.WebHookController|Http Responce-StatusCode: 200, ReasonPhrase: 'OK', Version: 1.1, Content: System.Net.Http.HttpConnectionResponseContent, Headers:
{
  Date: Mon, 20 Sep 2021 07:41:21 GMT
  Transfer-Encoding: chunked
  Connection: keep-alive
  Vary: Accept
  Vary: Cookie
  X-Frame-Options: SAMEORIGIN
  P3P: P3P: policyref="/w3c/p3p.xml", CP="CAO DSP COR CURa ADMa DEVa OUR IND PHY ONL UNI PUR FIN COM NAV INT STA LOC"
  Cache-Control: no-cache
  CF-Cache-Status: DYNAMIC
  Expect-CT: max-age=604800, report-uri="https://report-uri.cloudflare.com/cdn-cgi/beacon/expect-ct"
  Report-To: {"endpoints":[{"url":"https:\/\/a.nel.cloudflare.com\/report\/v3?s=FaDWtBSh1UnHGEBXacu6%2FShIynfITeHmHlBv4wHqr0cT9KbQ6cAvRItUUruJrMKMZfIJyOs5yfvjuEgmLUqKHp2QCnkTdqgVhU2h0xtoD1AgrfjwviYq52Xl81d5cOOZZw0CEzAsyd4%3D"}],"group":"cf-nel","max_age":604800}
  NEL: {"success_fraction":0,"report_to":"cf-nel","max_age":604800}
  Server: cloudflare
  CF-RAY: 6919693089c61d3d-BLR
  Content-Type: application/json
} 
2021-09-20 13:10:29.2428||INFO|OrderingAPI.Controllers.WebHookController|Success Responce-{"meta": {"limit": 20, "next": null, "offset": 0, "previous": null, "total_count": 18}, "webhooks": [{"active": false, "event_type": "store_creation", "headers": "{\"x_api_token\": \"4trgfdsfd243tg54342rewfcef\"}", "retrial_interval_units": "seconds", "url": "www.testur.1111.com/api/WebHookCallBack/StoresAddUpdate", "webhook_id": 5267}, {"active": false, "event_type": "store_creation", "headers": "{\"x_api_token\": \"4trgfdsfd243tg54342rewfcef\"}", "retrial_interval_units": "seconds", "url": "www.testur.1111.com/api/WebHookCallBack/StoresAddUpdate", "webhook_id": 5268}, {"active": false, "event_type": "store_creation", "headers": "{\"x_api_token\": \"4trgfdsfd243tg54342rewfcef\"}", "retrial_interval_units": "seconds", "url": "www.testur.1111.com/api/WebHookCallBack/StoresAddUpdate", "webhook_id": 5284}, {"active": false, "event_type": "store_creation", "headers": "{\"x_api_token\": \"4trgfdsfd243tg54342rewfcef\"}", "retrial_interval_units": "seconds", "url": "www.testur.1111.com/api/WebHookCallBack/StoresAddUpdate", "webhook_id": 5285}, {"active": false, "event_type": "store_creation", "headers": "{\"x_api_token\": \"4trgfdsfd243tg54342rewfcef\"}", "retrial_interval_units": "seconds", "url": "www.testur.1111.com/api/WebHookCallBack/StoresAddUpdate", "webhook_id": 5286}, {"active": false, "event_type": "store_creation", "headers": "{\"x_api_token\": \"4trgfdsfd243tg54342rewfcef\"}", "retrial_interval_units": "seconds", "url": "www.testur.1111.com/api/WebHookCallBack/StoresAddUpdate", "webhook_id": 5287}, {"active": false, "event_type": "store_creation", "headers": "{\"x_api_token\": \"4trgfdsfd243tg54342rewfcef\"}", "retrial_interval_units": "seconds", "url": "www.testur.1111.com/api/WebHookCallBack/StoresAddUpdate", "webhook_id": 5288}, {"active": false, "event_type": "store_creation", "headers": "{\"x_api_token\": \"4trgfdsfd243tg54342rewfcef\"}", "retrial_interval_units": "seconds", "url": "www.testur.1111.com/api/WebHookCallBack/StoresAddUpdate", "webhook_id": 5289}, {"active": false, "event_type": "store_creation", "headers": "{\"x_api_token\": \"4trgfdsfd243tg54342rewfcef\"}", "retrial_interval_units": "seconds", "url": "www.testur.1111.com/api/WebHookCallBack/StoresAddUpdate", "webhook_id": 5290}, {"active": false, "event_type": "store_creation", "headers": "{\"x_api_token\": \"23d091dc49d34ee3a5f3606f9c648e5d\"}", "retrial_interval_units": "seconds", "url": "https://localhost:44321/api/WebHookCallBack/CreateUpdateStores/", "webhook_id": 5291}, {"active": true, "event_type": "store_creation", "headers": "{\"Content-type\": \"application/json\"}", "retrial_interval_units": "minutes", "url": "https://2748-106-203-216-58.ngrok.io/api/WebHookCallBack/StoresAddUpdate", "webhook_id": 5312}, {"active": true, "event_type": "rider_status_update", "headers": "{\"x_api_token\": \"4trgfdsfd243tg54342rewfcef\"}", "retrial_interval_units": "seconds", "url": "http://www.test.com/", "webhook_id": 5330}, {"active": true, "event_type": "rider_status_update", "headers": "{\"x_api_token\": \"4trgfdsfd243tg54342rewfcef\"}", "retrial_interval_units": "seconds", "url": "http://www.test.com/", "webhook_id": 5331}, {"active": true, "event_type": "rider_status_update", "headers": "{\"x_api_token\": \"4trgfdsfd243tg54342rewfcef\"}", "retrial_interval_units": "seconds", "url": "http://www.test.com/", "webhook_id": 5332}, {"active": true, "event_type": "rider_status_update", "headers": "{\"x_api_token\": \"4trgfdsfd243tg54342rewfcef\"}", "retrial_interval_units": "seconds", "url": "http://www.test.com/", "webhook_id": 5333}, {"active": true, "event_type": "rider_status_update", "headers": "{\"x_api_token\": \"4trgfdsfd243tg54342rewfcef\"}", "retrial_interval_units": "seconds", "url": "http://www.test.com/", "webhook_id": 5334}, {"active": true, "event_type": "rider_status_update", "headers": "{\"x_api_token\": \"4trgfdsfd243tg54342rewfcef\"}", "retrial_interval_units": "seconds", "url": "http://www.test.com/", "webhook_id": 5335}, {"active": true, "event_type": "rider_status_update", "headers": "{\"x_api_token\": \"4trgfdsfd243tg54342rewfcef\"}", "retrial_interval_units": "seconds", "url": "http://www.test.com/", "webhook_id": 5336}]} 
2021-09-20 13:11:15.7328||INFO|OrderingAPI.Controllers.WebHookController|WebHookController.UpdateWebHookURL method called!!! 
2021-09-20 13:11:15.7346||INFO|OrderingAPI.Controllers.WebHookController|UpdateWebHookURL event Type all Update All webhook 
2021-09-20 13:11:15.7346||INFO|OrderingAPI.Controllers.WebHookController|WebhooksController.PostApi_HttpClient method Complete 
2021-09-20 13:11:16.1629||INFO|OrderingAPI.Controllers.WebHookController|Http Responce-StatusCode: 200, ReasonPhrase: 'OK', Version: 1.1, Content: System.Net.Http.HttpConnectionResponseContent, Headers:
{
  Date: Mon, 20 Sep 2021 07:42:08 GMT
  Transfer-Encoding: chunked
  Connection: keep-alive
  Vary: Accept
  Vary: Cookie
  X-Frame-Options: SAMEORIGIN
  P3P: P3P: policyref="/w3c/p3p.xml", CP="CAO DSP COR CURa ADMa DEVa OUR IND PHY ONL UNI PUR FIN COM NAV INT STA LOC"
  Cache-Control: no-cache
  CF-Cache-Status: DYNAMIC
  Expect-CT: max-age=604800, report-uri="https://report-uri.cloudflare.com/cdn-cgi/beacon/expect-ct"
  Report-To: {"endpoints":[{"url":"https:\/\/a.nel.cloudflare.com\/report\/v3?s=AFaOHewWob6W612kLuQJPtvk1wVvojkBAdnR7DT5krG6mBkOB1J4tnSTYK9n2ql%2BQDQ7hf30OaQkOOLH%2Fn1pVJIh2vqF%2Bp9skm7XgY6Ihhd2GCDzCd6zhkXDn9VkkWn7ne171pu9sto%3D"}],"group":"cf-nel","max_age":604800}
  NEL: {"success_fraction":0,"report_to":"cf-nel","max_age":604800}
  Server: cloudflare
  CF-RAY: 69196a568c901e08-BLR
  Content-Type: application/json
} 
2021-09-20 13:11:16.1629||INFO|OrderingAPI.Controllers.WebHookController|Success Responce-{"meta": {"limit": 20, "next": null, "offset": 0, "previous": null, "total_count": 18}, "webhooks": [{"active": false, "event_type": "store_creation", "headers": "{\"x_api_token\": \"4trgfdsfd243tg54342rewfcef\"}", "retrial_interval_units": "seconds", "url": "www.testur.1111.com/api/WebHookCallBack/StoresAddUpdate", "webhook_id": 5267}, {"active": false, "event_type": "store_creation", "headers": "{\"x_api_token\": \"4trgfdsfd243tg54342rewfcef\"}", "retrial_interval_units": "seconds", "url": "www.testur.1111.com/api/WebHookCallBack/StoresAddUpdate", "webhook_id": 5268}, {"active": false, "event_type": "store_creation", "headers": "{\"x_api_token\": \"4trgfdsfd243tg54342rewfcef\"}", "retrial_interval_units": "seconds", "url": "www.testur.1111.com/api/WebHookCallBack/StoresAddUpdate", "webhook_id": 5284}, {"active": false, "event_type": "store_creation", "headers": "{\"x_api_token\": \"4trgfdsfd243tg54342rewfcef\"}", "retrial_interval_units": "seconds", "url": "www.testur.1111.com/api/WebHookCallBack/StoresAddUpdate", "webhook_id": 5285}, {"active": false, "event_type": "store_creation", "headers": "{\"x_api_token\": \"4trgfdsfd243tg54342rewfcef\"}", "retrial_interval_units": "seconds", "url": "www.testur.1111.com/api/WebHookCallBack/StoresAddUpdate", "webhook_id": 5286}, {"active": false, "event_type": "store_creation", "headers": "{\"x_api_token\": \"4trgfdsfd243tg54342rewfcef\"}", "retrial_interval_units": "seconds", "url": "www.testur.1111.com/api/WebHookCallBack/StoresAddUpdate", "webhook_id": 5287}, {"active": false, "event_type": "store_creation", "headers": "{\"x_api_token\": \"4trgfdsfd243tg54342rewfcef\"}", "retrial_interval_units": "seconds", "url": "www.testur.1111.com/api/WebHookCallBack/StoresAddUpdate", "webhook_id": 5288}, {"active": false, "event_type": "store_creation", "headers": "{\"x_api_token\": \"4trgfdsfd243tg54342rewfcef\"}", "retrial_interval_units": "seconds", "url": "www.testur.1111.com/api/WebHookCallBack/StoresAddUpdate", "webhook_id": 5289}, {"active": false, "event_type": "store_creation", "headers": "{\"x_api_token\": \"4trgfdsfd243tg54342rewfcef\"}", "retrial_interval_units": "seconds", "url": "www.testur.1111.com/api/WebHookCallBack/StoresAddUpdate", "webhook_id": 5290}, {"active": false, "event_type": "store_creation", "headers": "{\"x_api_token\": \"23d091dc49d34ee3a5f3606f9c648e5d\"}", "retrial_interval_units": "seconds", "url": "https://localhost:44321/api/WebHookCallBack/CreateUpdateStores/", "webhook_id": 5291}, {"active": true, "event_type": "store_creation", "headers": "{\"Content-type\": \"application/json\"}", "retrial_interval_units": "minutes", "url": "https://2748-106-203-216-58.ngrok.io/api/WebHookCallBack/StoresAddUpdate", "webhook_id": 5312}, {"active": false, "event_type": "rider_status_update", "headers": "{\"x_api_token\": \"4trgfdsfd243tg54342rewfcef\"}", "retrial_interval_units": "seconds", "url": "http://www.test.com/", "webhook_id": 5330}, {"active": false, "event_type": "rider_status_update", "headers": "{\"x_api_token\": \"4trgfdsfd243tg54342rewfcef\"}", "retrial_interval_units": "seconds", "url": "http://www.test.com/", "webhook_id": 5331}, {"active": false, "event_type": "rider_status_update", "headers": "{\"x_api_token\": \"4trgfdsfd243tg54342rewfcef\"}", "retrial_interval_units": "seconds", "url": "http://www.test.com/", "webhook_id": 5332}, {"active": false, "event_type": "rider_status_update", "headers": "{\"x_api_token\": \"4trgfdsfd243tg54342rewfcef\"}", "retrial_interval_units": "seconds", "url": "http://www.test.com/", "webhook_id": 5333}, {"active": false, "event_type": "rider_status_update", "headers": "{\"x_api_token\": \"4trgfdsfd243tg54342rewfcef\"}", "retrial_interval_units": "seconds", "url": "http://www.test.com/", "webhook_id": 5334}, {"active": false, "event_type": "rider_status_update", "headers": "{\"x_api_token\": \"4trgfdsfd243tg54342rewfcef\"}", "retrial_interval_units": "seconds", "url": "http://www.test.com/", "webhook_id": 5335}, {"active": false, "event_type": "rider_status_update", "headers": "{\"x_api_token\": \"4trgfdsfd243tg54342rewfcef\"}", "retrial_interval_units": "seconds", "url": "http://www.test.com/", "webhook_id": 5336}]} 
2021-09-20 13:11:16.1629||INFO|OrderingAPI.Controllers.WebHookController|UpdateWebHookURL ID 5312 Update All webhook 
2021-09-20 13:11:16.1629||INFO|OrderingAPI.Controllers.WebHookController|WebhooksController.PostApi_HttpClient method Complete 
2021-09-20 13:11:16.1716||INFO|OrderingAPI.Controllers.WebHookController|URL:https://pos-int.urbanpiper.com/external/api/v1/webhooks/5312/, Request-{
  "active": true,
  "event_type": "store_creation",
  "retrial_interval_units": "seconds",
  "url": "https://www.test.com/api/WebHookCallBack/StoresAddUpdate",
  "headers": {
    "content-type": "application/json",
    "x_api_token": "4trgfdsfd243tg54342rewfcef"
  }
} 
2021-09-20 13:11:16.6223||INFO|OrderingAPI.Controllers.WebHookController|Http Responce-StatusCode: 200, ReasonPhrase: 'OK', Version: 1.1, Content: System.Net.Http.HttpConnectionResponseContent, Headers:
{
  Date: Mon, 20 Sep 2021 07:42:09 GMT
  Transfer-Encoding: chunked
  Connection: keep-alive
  Vary: Accept
  Vary: Cookie
  X-Frame-Options: SAMEORIGIN
  P3P: P3P: policyref="/w3c/p3p.xml", CP="CAO DSP COR CURa ADMa DEVa OUR IND PHY ONL UNI PUR FIN COM NAV INT STA LOC"
  CF-Cache-Status: DYNAMIC
  Expect-CT: max-age=604800, report-uri="https://report-uri.cloudflare.com/cdn-cgi/beacon/expect-ct"
  Report-To: {"endpoints":[{"url":"https:\/\/a.nel.cloudflare.com\/report\/v3?s=V2lgyoBUCuRDBaWaltOEPTCvAggxneRPDc5e1VpsD6ivZnu%2FoPbmctORcq%2B%2FGYD3h%2F0f0iSR4WSE1Xc2vFKPqZrh4TF%2Be86eoDh%2BvVr4Rf2jYYbO%2BLOP9qYYRltq1YnJtkzAZdp8VVM%3D"}],"group":"cf-nel","max_age":604800}
  NEL: {"success_fraction":0,"report_to":"cf-nel","max_age":604800}
  Server: cloudflare
  CF-RAY: 69196a5908dc1d35-BLR
  Content-Type: application/json
} 
2021-09-20 13:11:16.6266||INFO|OrderingAPI.Controllers.WebHookController|Success Responce-{"status": "success", "message": "Webhook has been successfully updated.", "webhook_id": 5312} 
2021-09-20 13:11:16.6266||INFO|OrderingAPI.Controllers.WebHookController|UpdateWebHookURL ID 5312 Update responce OrderingAPI.Model.Responce+HttpResponce 
2021-09-20 13:11:16.6266||INFO|OrderingAPI.Controllers.WebHookController|WebhooksController.Post Method 
2021-09-20 13:11:16.6266||INFO|OrderingAPI.Controllers.WebHookController|WebhooksController.PostApi_HttpClient method Complete 
2021-09-20 13:11:17.1782||INFO|OrderingAPI.Controllers.WebHookController|Http Responce-StatusCode: 200, ReasonPhrase: 'OK', Version: 1.1, Content: System.Net.Http.HttpConnectionResponseContent, Headers:
{
  Date: Mon, 20 Sep 2021 07:42:09 GMT
  Transfer-Encoding: chunked
  Connection: keep-alive
  Vary: Accept
  Vary: Cookie
  X-Frame-Options: SAMEORIGIN
  P3P: P3P: policyref="/w3c/p3p.xml", CP="CAO DSP COR CURa ADMa DEVa OUR IND PHY ONL UNI PUR FIN COM NAV INT STA LOC"
  Cache-Control: no-cache
  CF-Cache-Status: DYNAMIC
  Expect-CT: max-age=604800, report-uri="https://report-uri.cloudflare.com/cdn-cgi/beacon/expect-ct"
  Report-To: {"endpoints":[{"url":"https:\/\/a.nel.cloudflare.com\/report\/v3?s=D5g6dx2lHxX8qLYbVFG7i4df8gr8i4S%2BtuGOYXMiqnRH2IJk%2B8bcRHoHvCJslpaFdZPGSGA5q%2FovR8MDzjdKwiEpiKJMcUNMtVu4zS%2Fwf3p19N8nMGZsajBCAjQKm%2FRT6giuwWpC%2Fww%3D"}],"group":"cf-nel","max_age":604800}
  NEL: {"success_fraction":0,"report_to":"cf-nel","max_age":604800}
  Server: cloudflare
  CF-RAY: 69196a5c0ce61e08-BLR
  Content-Type: application/json
} 
2021-09-20 13:11:17.1782||INFO|OrderingAPI.Controllers.WebHookController|Success Responce-{"meta": {"limit": 20, "next": null, "offset": 0, "previous": null, "total_count": 18}, "webhooks": [{"active": false, "event_type": "store_creation", "headers": "{\"x_api_token\": \"4trgfdsfd243tg54342rewfcef\"}", "retrial_interval_units": "seconds", "url": "www.testur.1111.com/api/WebHookCallBack/StoresAddUpdate", "webhook_id": 5267}, {"active": false, "event_type": "store_creation", "headers": "{\"x_api_token\": \"4trgfdsfd243tg54342rewfcef\"}", "retrial_interval_units": "seconds", "url": "www.testur.1111.com/api/WebHookCallBack/StoresAddUpdate", "webhook_id": 5268}, {"active": false, "event_type": "store_creation", "headers": "{\"x_api_token\": \"4trgfdsfd243tg54342rewfcef\"}", "retrial_interval_units": "seconds", "url": "www.testur.1111.com/api/WebHookCallBack/StoresAddUpdate", "webhook_id": 5284}, {"active": false, "event_type": "store_creation", "headers": "{\"x_api_token\": \"4trgfdsfd243tg54342rewfcef\"}", "retrial_interval_units": "seconds", "url": "www.testur.1111.com/api/WebHookCallBack/StoresAddUpdate", "webhook_id": 5285}, {"active": false, "event_type": "store_creation", "headers": "{\"x_api_token\": \"4trgfdsfd243tg54342rewfcef\"}", "retrial_interval_units": "seconds", "url": "www.testur.1111.com/api/WebHookCallBack/StoresAddUpdate", "webhook_id": 5286}, {"active": false, "event_type": "store_creation", "headers": "{\"x_api_token\": \"4trgfdsfd243tg54342rewfcef\"}", "retrial_interval_units": "seconds", "url": "www.testur.1111.com/api/WebHookCallBack/StoresAddUpdate", "webhook_id": 5287}, {"active": false, "event_type": "store_creation", "headers": "{\"x_api_token\": \"4trgfdsfd243tg54342rewfcef\"}", "retrial_interval_units": "seconds", "url": "www.testur.1111.com/api/WebHookCallBack/StoresAddUpdate", "webhook_id": 5288}, {"active": false, "event_type": "store_creation", "headers": "{\"x_api_token\": \"4trgfdsfd243tg54342rewfcef\"}", "retrial_interval_units": "seconds", "url": "www.testur.1111.com/api/WebHookCallBack/StoresAddUpdate", "webhook_id": 5289}, {"active": false, "event_type": "store_creation", "headers": "{\"x_api_token\": \"4trgfdsfd243tg54342rewfcef\"}", "retrial_interval_units": "seconds", "url": "www.testur.1111.com/api/WebHookCallBack/StoresAddUpdate", "webhook_id": 5290}, {"active": false, "event_type": "store_creation", "headers": "{\"x_api_token\": \"23d091dc49d34ee3a5f3606f9c648e5d\"}", "retrial_interval_units": "seconds", "url": "https://localhost:44321/api/WebHookCallBack/CreateUpdateStores/", "webhook_id": 5291}, {"active": true, "event_type": "store_creation", "headers": "{\"x_api_token\": \"4trgfdsfd243tg54342rewfcef\"}", "retrial_interval_units": "seconds", "url": "https://www.test.com/api/WebHookCallBack/StoresAddUpdate", "webhook_id": 5312}, {"active": false, "event_type": "rider_status_update", "headers": "{\"x_api_token\": \"4trgfdsfd243tg54342rewfcef\"}", "retrial_interval_units": "seconds", "url": "http://www.test.com/", "webhook_id": 5330}, {"active": false, "event_type": "rider_status_update", "headers": "{\"x_api_token\": \"4trgfdsfd243tg54342rewfcef\"}", "retrial_interval_units": "seconds", "url": "http://www.test.com/", "webhook_id": 5331}, {"active": false, "event_type": "rider_status_update", "headers": "{\"x_api_token\": \"4trgfdsfd243tg54342rewfcef\"}", "retrial_interval_units": "seconds", "url": "http://www.test.com/", "webhook_id": 5332}, {"active": false, "event_type": "rider_status_update", "headers": "{\"x_api_token\": \"4trgfdsfd243tg54342rewfcef\"}", "retrial_interval_units": "seconds", "url": "http://www.test.com/", "webhook_id": 5333}, {"active": false, "event_type": "rider_status_update", "headers": "{\"x_api_token\": \"4trgfdsfd243tg54342rewfcef\"}", "retrial_interval_units": "seconds", "url": "http://www.test.com/", "webhook_id": 5334}, {"active": false, "event_type": "rider_status_update", "headers": "{\"x_api_token\": \"4trgfdsfd243tg54342rewfcef\"}", "retrial_interval_units": "seconds", "url": "http://www.test.com/", "webhook_id": 5335}, {"active": false, "event_type": "rider_status_update", "headers": "{\"x_api_token\": \"4trgfdsfd243tg54342rewfcef\"}", "retrial_interval_units": "seconds", "url": "http://www.test.com/", "webhook_id": 5336}]} 
2021-09-20 13:11:45.7096||INFO|OrderingAPI.Controllers.WebHookController|WebHookController.UpdateWebHookURL method called!!! 
2021-09-20 13:11:45.7096||INFO|OrderingAPI.Controllers.WebHookController|UpdateWebHookURL event Type all Update All webhook 
2021-09-20 13:11:45.7096||INFO|OrderingAPI.Controllers.WebHookController|WebhooksController.PostApi_HttpClient method Complete 
2021-09-20 13:11:47.9335||INFO|OrderingAPI.Controllers.WebHookController|Http Responce-StatusCode: 200, ReasonPhrase: 'OK', Version: 1.1, Content: System.Net.Http.HttpConnectionResponseContent, Headers:
{
  Date: Mon, 20 Sep 2021 07:42:39 GMT
  Transfer-Encoding: chunked
  Connection: keep-alive
  Vary: Accept
  Vary: Cookie
  X-Frame-Options: SAMEORIGIN
  P3P: P3P: policyref="/w3c/p3p.xml", CP="CAO DSP COR CURa ADMa DEVa OUR IND PHY ONL UNI PUR FIN COM NAV INT STA LOC"
  Cache-Control: no-cache
  CF-Cache-Status: DYNAMIC
  Expect-CT: max-age=604800, report-uri="https://report-uri.cloudflare.com/cdn-cgi/beacon/expect-ct"
  Report-To: {"endpoints":[{"url":"https:\/\/a.nel.cloudflare.com\/report\/v3?s=8T1SsFzsM7rEDjD6%2BQTsMUIKGLmneTE13FFupBFNZkHcYMLNM2dgA2eBe70q8IrdHXcikbOc9B9Z8ASvOl4wHwGIGxANKYBeE32ZNwaigQexjnUPVqjBo2epPARuAoi2JbyI%2BX8FaII%3D"}],"group":"cf-nel","max_age":604800}
  NEL: {"success_fraction":0,"report_to":"cf-nel","max_age":604800}
  Server: cloudflare
  CF-RAY: 69196b174be61d91-BLR
  Content-Type: application/json
} 
2021-09-20 13:11:47.9335||INFO|OrderingAPI.Controllers.WebHookController|Success Responce-{"meta": {"limit": 20, "next": null, "offset": 0, "previous": null, "total_count": 18}, "webhooks": [{"active": false, "event_type": "store_creation", "headers": "{\"x_api_token\": \"4trgfdsfd243tg54342rewfcef\"}", "retrial_interval_units": "seconds", "url": "www.testur.1111.com/api/WebHookCallBack/StoresAddUpdate", "webhook_id": 5267}, {"active": false, "event_type": "store_creation", "headers": "{\"x_api_token\": \"4trgfdsfd243tg54342rewfcef\"}", "retrial_interval_units": "seconds", "url": "www.testur.1111.com/api/WebHookCallBack/StoresAddUpdate", "webhook_id": 5268}, {"active": false, "event_type": "store_creation", "headers": "{\"x_api_token\": \"4trgfdsfd243tg54342rewfcef\"}", "retrial_interval_units": "seconds", "url": "www.testur.1111.com/api/WebHookCallBack/StoresAddUpdate", "webhook_id": 5284}, {"active": false, "event_type": "store_creation", "headers": "{\"x_api_token\": \"4trgfdsfd243tg54342rewfcef\"}", "retrial_interval_units": "seconds", "url": "www.testur.1111.com/api/WebHookCallBack/StoresAddUpdate", "webhook_id": 5285}, {"active": false, "event_type": "store_creation", "headers": "{\"x_api_token\": \"4trgfdsfd243tg54342rewfcef\"}", "retrial_interval_units": "seconds", "url": "www.testur.1111.com/api/WebHookCallBack/StoresAddUpdate", "webhook_id": 5286}, {"active": false, "event_type": "store_creation", "headers": "{\"x_api_token\": \"4trgfdsfd243tg54342rewfcef\"}", "retrial_interval_units": "seconds", "url": "www.testur.1111.com/api/WebHookCallBack/StoresAddUpdate", "webhook_id": 5287}, {"active": false, "event_type": "store_creation", "headers": "{\"x_api_token\": \"4trgfdsfd243tg54342rewfcef\"}", "retrial_interval_units": "seconds", "url": "www.testur.1111.com/api/WebHookCallBack/StoresAddUpdate", "webhook_id": 5288}, {"active": false, "event_type": "store_creation", "headers": "{\"x_api_token\": \"4trgfdsfd243tg54342rewfcef\"}", "retrial_interval_units": "seconds", "url": "www.testur.1111.com/api/WebHookCallBack/StoresAddUpdate", "webhook_id": 5289}, {"active": false, "event_type": "store_creation", "headers": "{\"x_api_token\": \"4trgfdsfd243tg54342rewfcef\"}", "retrial_interval_units": "seconds", "url": "www.testur.1111.com/api/WebHookCallBack/StoresAddUpdate", "webhook_id": 5290}, {"active": false, "event_type": "store_creation", "headers": "{\"x_api_token\": \"23d091dc49d34ee3a5f3606f9c648e5d\"}", "retrial_interval_units": "seconds", "url": "https://localhost:44321/api/WebHookCallBack/CreateUpdateStores/", "webhook_id": 5291}, {"active": true, "event_type": "store_creation", "headers": "{\"x_api_token\": \"4trgfdsfd243tg54342rewfcef\"}", "retrial_interval_units": "seconds", "url": "https://www.test.com/api/WebHookCallBack/StoresAddUpdate", "webhook_id": 5312}, {"active": false, "event_type": "rider_status_update", "headers": "{\"x_api_token\": \"4trgfdsfd243tg54342rewfcef\"}", "retrial_interval_units": "seconds", "url": "http://www.test.com/", "webhook_id": 5330}, {"active": false, "event_type": "rider_status_update", "headers": "{\"x_api_token\": \"4trgfdsfd243tg54342rewfcef\"}", "retrial_interval_units": "seconds", "url": "http://www.test.com/", "webhook_id": 5331}, {"active": false, "event_type": "rider_status_update", "headers": "{\"x_api_token\": \"4trgfdsfd243tg54342rewfcef\"}", "retrial_interval_units": "seconds", "url": "http://www.test.com/", "webhook_id": 5332}, {"active": false, "event_type": "rider_status_update", "headers": "{\"x_api_token\": \"4trgfdsfd243tg54342rewfcef\"}", "retrial_interval_units": "seconds", "url": "http://www.test.com/", "webhook_id": 5333}, {"active": false, "event_type": "rider_status_update", "headers": "{\"x_api_token\": \"4trgfdsfd243tg54342rewfcef\"}", "retrial_interval_units": "seconds", "url": "http://www.test.com/", "webhook_id": 5334}, {"active": false, "event_type": "rider_status_update", "headers": "{\"x_api_token\": \"4trgfdsfd243tg54342rewfcef\"}", "retrial_interval_units": "seconds", "url": "http://www.test.com/", "webhook_id": 5335}, {"active": false, "event_type": "rider_status_update", "headers": "{\"x_api_token\": \"4trgfdsfd243tg54342rewfcef\"}", "retrial_interval_units": "seconds", "url": "http://www.test.com/", "webhook_id": 5336}]} 
2021-09-20 13:12:43.8562||INFO|OrderingAPI.Controllers.WebHookController|UpdateWebHookURL ID 5312 Update All webhook 
2021-09-20 13:12:43.8562||INFO|OrderingAPI.Controllers.WebHookController|WebhooksController.PostApi_HttpClient method Complete 
2021-09-20 13:12:43.8609||INFO|OrderingAPI.Controllers.WebHookController|URL:https://pos-int.urbanpiper.com/external/api/v1/webhooks/5312/, Request-{
  "active": true,
  "event_type": "store_creation",
  "retrial_interval_units": "seconds",
  "url": "https://www.test.com/api/WebHookCallBack/StoresAddUpdate",
  "headers": {
    "content-type": "application/json",
    "x_api_token": "4trgfdsfd243tg54342rewfcef"
  }
} 
2021-09-20 13:12:44.4249||INFO|OrderingAPI.Controllers.WebHookController|Http Responce-StatusCode: 200, ReasonPhrase: 'OK', Version: 1.1, Content: System.Net.Http.HttpConnectionResponseContent, Headers:
{
  Date: Mon, 20 Sep 2021 07:43:36 GMT
  Transfer-Encoding: chunked
  Connection: keep-alive
  Vary: Accept
  Vary: Cookie
  X-Frame-Options: SAMEORIGIN
  P3P: P3P: policyref="/w3c/p3p.xml", CP="CAO DSP COR CURa ADMa DEVa OUR IND PHY ONL UNI PUR FIN COM NAV INT STA LOC"
  CF-Cache-Status: DYNAMIC
  Expect-CT: max-age=604800, report-uri="https://report-uri.cloudflare.com/cdn-cgi/beacon/expect-ct"
  Report-To: {"endpoints":[{"url":"https:\/\/a.nel.cloudflare.com\/report\/v3?s=H%2B5ylo6fGuEaiGWs31c%2BXpyF913MW7FJMfRJ0%2FefXh8P50qept4UPVkPiyd4gwik3sLRdsMFqfF94apdqx1fruyG8W%2Fbd98Q%2B0YRBSO8aLniEHfU%2BB0CNB7lDrkp2naxXtIW%2F94pGuU%3D"}],"group":"cf-nel","max_age":604800}
  NEL: {"success_fraction":0,"report_to":"cf-nel","max_age":604800}
  Server: cloudflare
  CF-RAY: 69196c7d4d331d35-BLR
  Content-Type: application/json
} 
2021-09-20 13:12:44.4249||INFO|OrderingAPI.Controllers.WebHookController|Success Responce-{"status": "success", "message": "Webhook has been successfully updated.", "webhook_id": 5312} 
2021-09-20 13:12:44.4249||INFO|OrderingAPI.Controllers.WebHookController|UpdateWebHookURL ID 5312 Update responce OrderingAPI.Model.Responce+HttpResponce 
2021-09-20 13:12:44.4249||INFO|OrderingAPI.Controllers.WebHookController|WebhooksController.Post Method 
2021-09-20 13:12:44.4249||INFO|OrderingAPI.Controllers.WebHookController|WebhooksController.PostApi_HttpClient method Complete 
2021-09-20 13:12:45.0390||INFO|OrderingAPI.Controllers.WebHookController|Http Responce-StatusCode: 200, ReasonPhrase: 'OK', Version: 1.1, Content: System.Net.Http.HttpConnectionResponseContent, Headers:
{
  Date: Mon, 20 Sep 2021 07:43:37 GMT
  Transfer-Encoding: chunked
  Connection: keep-alive
  Vary: Accept
  Vary: Cookie
  X-Frame-Options: SAMEORIGIN
  P3P: P3P: policyref="/w3c/p3p.xml", CP="CAO DSP COR CURa ADMa DEVa OUR IND PHY ONL UNI PUR FIN COM NAV INT STA LOC"
  Cache-Control: no-cache
  CF-Cache-Status: DYNAMIC
  Expect-CT: max-age=604800, report-uri="https://report-uri.cloudflare.com/cdn-cgi/beacon/expect-ct"
  Report-To: {"endpoints":[{"url":"https:\/\/a.nel.cloudflare.com\/report\/v3?s=K7RU5UnqXO7RXrf8D%2F%2BMJayBE6xzyV661IAnnLxKOQi0vFeuZ3XDFsAZWPkNVNPiMmPVXC1HsQKpA5b5EAMwoUtjZwx3Wev1yakjv2TgJxtm5631wZ1pH6As85dlNUmPTXfarG%2FqD0w%3D"}],"group":"cf-nel","max_age":604800}
  NEL: {"success_fraction":0,"report_to":"cf-nel","max_age":604800}
  Server: cloudflare
  CF-RAY: 69196c80cfe71d31-BLR
  Content-Type: application/json
} 
2021-09-20 13:12:45.0390||INFO|OrderingAPI.Controllers.WebHookController|Success Responce-{"meta": {"limit": 20, "next": null, "offset": 0, "previous": null, "total_count": 18}, "webhooks": [{"active": false, "event_type": "store_creation", "headers": "{\"x_api_token\": \"4trgfdsfd243tg54342rewfcef\"}", "retrial_interval_units": "seconds", "url": "www.testur.1111.com/api/WebHookCallBack/StoresAddUpdate", "webhook_id": 5267}, {"active": false, "event_type": "store_creation", "headers": "{\"x_api_token\": \"4trgfdsfd243tg54342rewfcef\"}", "retrial_interval_units": "seconds", "url": "www.testur.1111.com/api/WebHookCallBack/StoresAddUpdate", "webhook_id": 5268}, {"active": false, "event_type": "store_creation", "headers": "{\"x_api_token\": \"4trgfdsfd243tg54342rewfcef\"}", "retrial_interval_units": "seconds", "url": "www.testur.1111.com/api/WebHookCallBack/StoresAddUpdate", "webhook_id": 5284}, {"active": false, "event_type": "store_creation", "headers": "{\"x_api_token\": \"4trgfdsfd243tg54342rewfcef\"}", "retrial_interval_units": "seconds", "url": "www.testur.1111.com/api/WebHookCallBack/StoresAddUpdate", "webhook_id": 5285}, {"active": false, "event_type": "store_creation", "headers": "{\"x_api_token\": \"4trgfdsfd243tg54342rewfcef\"}", "retrial_interval_units": "seconds", "url": "www.testur.1111.com/api/WebHookCallBack/StoresAddUpdate", "webhook_id": 5286}, {"active": false, "event_type": "store_creation", "headers": "{\"x_api_token\": \"4trgfdsfd243tg54342rewfcef\"}", "retrial_interval_units": "seconds", "url": "www.testur.1111.com/api/WebHookCallBack/StoresAddUpdate", "webhook_id": 5287}, {"active": false, "event_type": "store_creation", "headers": "{\"x_api_token\": \"4trgfdsfd243tg54342rewfcef\"}", "retrial_interval_units": "seconds", "url": "www.testur.1111.com/api/WebHookCallBack/StoresAddUpdate", "webhook_id": 5288}, {"active": false, "event_type": "store_creation", "headers": "{\"x_api_token\": \"4trgfdsfd243tg54342rewfcef\"}", "retrial_interval_units": "seconds", "url": "www.testur.1111.com/api/WebHookCallBack/StoresAddUpdate", "webhook_id": 5289}, {"active": false, "event_type": "store_creation", "headers": "{\"x_api_token\": \"4trgfdsfd243tg54342rewfcef\"}", "retrial_interval_units": "seconds", "url": "www.testur.1111.com/api/WebHookCallBack/StoresAddUpdate", "webhook_id": 5290}, {"active": false, "event_type": "store_creation", "headers": "{\"x_api_token\": \"23d091dc49d34ee3a5f3606f9c648e5d\"}", "retrial_interval_units": "seconds", "url": "https://localhost:44321/api/WebHookCallBack/CreateUpdateStores/", "webhook_id": 5291}, {"active": true, "event_type": "store_creation", "headers": "{\"x_api_token\": \"4trgfdsfd243tg54342rewfcef\"}", "retrial_interval_units": "seconds", "url": "https://www.test.com/api/WebHookCallBack/StoresAddUpdate", "webhook_id": 5312}, {"active": false, "event_type": "rider_status_update", "headers": "{\"x_api_token\": \"4trgfdsfd243tg54342rewfcef\"}", "retrial_interval_units": "seconds", "url": "http://www.test.com/", "webhook_id": 5330}, {"active": false, "event_type": "rider_status_update", "headers": "{\"x_api_token\": \"4trgfdsfd243tg54342rewfcef\"}", "retrial_interval_units": "seconds", "url": "http://www.test.com/", "webhook_id": 5331}, {"active": false, "event_type": "rider_status_update", "headers": "{\"x_api_token\": \"4trgfdsfd243tg54342rewfcef\"}", "retrial_interval_units": "seconds", "url": "http://www.test.com/", "webhook_id": 5332}, {"active": false, "event_type": "rider_status_update", "headers": "{\"x_api_token\": \"4trgfdsfd243tg54342rewfcef\"}", "retrial_interval_units": "seconds", "url": "http://www.test.com/", "webhook_id": 5333}, {"active": false, "event_type": "rider_status_update", "headers": "{\"x_api_token\": \"4trgfdsfd243tg54342rewfcef\"}", "retrial_interval_units": "seconds", "url": "http://www.test.com/", "webhook_id": 5334}, {"active": false, "event_type": "rider_status_update", "headers": "{\"x_api_token\": \"4trgfdsfd243tg54342rewfcef\"}", "retrial_interval_units": "seconds", "url": "http://www.test.com/", "webhook_id": 5335}, {"active": false, "event_type": "rider_status_update", "headers": "{\"x_api_token\": \"4trgfdsfd243tg54342rewfcef\"}", "retrial_interval_units": "seconds", "url": "http://www.test.com/", "webhook_id": 5336}]} 
