2021-09-22 23:51:59.4734||INFO|Microsoft.Hosting.Lifetime|Application started. Press Ctrl+C to shut down. 
2021-09-22 23:51:59.5665||INFO|Microsoft.Hosting.Lifetime|Hosting environment: Development 
2021-09-22 23:51:59.5831||INFO|Microsoft.Hosting.Lifetime|Content root path: C:\D Drive\Rahul\OrderingAPI\OrderingAPI\OrderingAPI 
2021-09-22 23:52:01.1537|1|ERROR|Microsoft.AspNetCore.Diagnostics.DeveloperExceptionPageMiddleware|An unhandled exception has occurred while executing the request. Swashbuckle.AspNetCore.SwaggerGen.SwaggerGeneratorException: Ambiguous HTTP method for action - OrderingAPI.Controllers.OrderController.ExternalOrderReferenceUpdate (OrderingAPI). Actions require an explicit HttpMethod binding for Swagger/OpenAPI 3.0
   at Swashbuckle.AspNetCore.SwaggerGen.SwaggerGenerator.GenerateOperations(IEnumerable`1 apiDescriptions, SchemaRepository schemaRepository)
   at Swashbuckle.AspNetCore.SwaggerGen.SwaggerGenerator.GeneratePaths(IEnumerable`1 apiDescriptions, SchemaRepository schemaRepository)
   at Swashbuckle.AspNetCore.SwaggerGen.SwaggerGenerator.GetSwagger(String documentName, String host, String basePath)
   at Swashbuckle.AspNetCore.Swagger.SwaggerMiddleware.Invoke(HttpContext httpContext, ISwaggerProvider swaggerProvider)
   at Microsoft.AspNetCore.Diagnostics.DeveloperExceptionPageMiddleware.Invoke(HttpContext context)
2021-09-22 23:54:04.2518||INFO|Microsoft.Hosting.Lifetime|Application started. Press Ctrl+C to shut down. 
2021-09-22 23:54:04.3360||INFO|Microsoft.Hosting.Lifetime|Hosting environment: Development 
2021-09-22 23:54:04.3895||INFO|Microsoft.Hosting.Lifetime|Content root path: C:\D Drive\Rahul\OrderingAPI\OrderingAPI\OrderingAPI 
2021-09-22 23:54:06.0845|1|ERROR|Microsoft.AspNetCore.Diagnostics.DeveloperExceptionPageMiddleware|An unhandled exception has occurred while executing the request. Swashbuckle.AspNetCore.SwaggerGen.SwaggerGeneratorException: Ambiguous HTTP method for action - OrderingAPI.Controllers.OrderController.ExternalOrderReferenceUpdate (OrderingAPI). Actions require an explicit HttpMethod binding for Swagger/OpenAPI 3.0
   at Swashbuckle.AspNetCore.SwaggerGen.SwaggerGenerator.GenerateOperations(IEnumerable`1 apiDescriptions, SchemaRepository schemaRepository)
   at Swashbuckle.AspNetCore.SwaggerGen.SwaggerGenerator.GeneratePaths(IEnumerable`1 apiDescriptions, SchemaRepository schemaRepository)
   at Swashbuckle.AspNetCore.SwaggerGen.SwaggerGenerator.GetSwagger(String documentName, String host, String basePath)
   at Swashbuckle.AspNetCore.Swagger.SwaggerMiddleware.Invoke(HttpContext httpContext, ISwaggerProvider swaggerProvider)
   at Microsoft.AspNetCore.Diagnostics.DeveloperExceptionPageMiddleware.Invoke(HttpContext context)
2021-09-22 23:54:35.8272||INFO|Microsoft.Hosting.Lifetime|Application started. Press Ctrl+C to shut down. 
2021-09-22 23:54:35.9397||INFO|Microsoft.Hosting.Lifetime|Hosting environment: Development 
2021-09-22 23:54:35.9566||INFO|Microsoft.Hosting.Lifetime|Content root path: C:\D Drive\Rahul\OrderingAPI\OrderingAPI\OrderingAPI 
